deltscap1
  RMS fit error of the full model is: 0.005348 (normalized)
range of amplitudes: 0.553478
  Model addition step   1: Added term 0 0 0 -- RMS=0.115305, GCV=2.522814e-05, AIC = 1.954423
  Model addition step   2: Added term 2 0 0 -- RMS=0.091930, GCV=1.609721e-05, AIC = 1.505098
  Model addition step   3: Added term 0 1 0 -- RMS=0.070823, GCV=9.590297e-06, AIC = 0.987186
  Model addition step   4: Added term 2 1 0 -- RMS=0.052259, GCV=5.241607e-06, AIC = 0.383037
  4 polynomial terms were written for deltscap1 x force
deltscap1
  RMS fit error of the full model is: 0.008892 (normalized)
range of amplitudes: 0.655391
  Model addition step   1: Added term 0 0 0 -- RMS=0.148356, GCV=4.176344e-05, AIC = 2.458484
  Model addition step   2: Added term 0 1 0 -- RMS=0.086015, GCV=1.409248e-05, AIC = 1.372093
  Model addition step   3: Added term 2 1 0 -- RMS=0.047758, GCV=4.360818e-06, AIC = 0.199094
  3 polynomial terms were written for deltscap1 y force
deltscap1
  RMS fit error of the full model is: 0.009002 (normalized)
range of amplitudes: 1.280631
  Model addition step   1: Added term 1 1 0 -- RMS=0.167479, GCV=5.322409e-05, AIC = 2.700974
  Model addition step   2: Added term 0 0 0 -- RMS=0.070310, GCV=9.416021e-06, AIC = 0.968865
  2 polynomial terms were written for deltscap1 z force
deltscap2
  RMS fit error of the full model is: 0.015644 (normalized)
range of amplitudes: 0.704571
  Model addition step   1: Added term 0 0 0 -- RMS=0.150584, GCV=4.302716e-05, AIC = 2.488294
  Model addition step   2: Added term 2 0 0 -- RMS=0.122023, GCV=2.836099e-05, AIC = 2.071467
  Model addition step   3: Added term 1 1 0 -- RMS=0.106467, GCV=2.167275e-05, AIC = 1.802490
  Model addition step   4: Added term 3 1 0 -- RMS=0.085104, GCV=1.390061e-05, AIC = 1.358341
  Model addition step   5: Added term 0 1 0 -- RMS=0.074455, GCV=1.068018e-05, AIC = 1.094766
  Model addition step   6: Added term 2 1 0 -- RMS=0.041119, GCV=3.269934e-06, AIC = -0.088894
  6 polynomial terms were written for deltscap2 x force
deltscap2
  RMS fit error of the full model is: 0.020572 (normalized)
range of amplitudes: 0.586172
  Model addition step   1: Added term 0 0 0 -- RMS=0.128497, GCV=3.133107e-05, AIC = 2.171073
  Model addition step   2: Added term 0 1 0 -- RMS=0.092981, GCV=1.646740e-05, AIC = 1.527835
  Model addition step   3: Added term 2 1 0 -- RMS=0.052211, GCV=5.212114e-06, AIC = 0.377420
  3 polynomial terms were written for deltscap2 y force
deltscap2
  RMS fit error of the full model is: 0.023676 (normalized)
range of amplitudes: 1.435487
  Model addition step   1: Added term 1 1 0 -- RMS=0.216971, GCV=8.932844e-05, AIC = 3.218783
  Model addition step   2: Added term 0 0 0 -- RMS=0.085371, GCV=1.388207e-05, AIC = 1.357050
  2 polynomial terms were written for deltscap2 z force
deltscap3
  RMS fit error of the full model is: 0.039144 (normalized)
range of amplitudes: 1.009150
  Model addition step   1: Added term 0 0 0 -- RMS=0.219414, GCV=9.135141e-05, AIC = 3.241176
  Model addition step   2: Added term 2 0 0 -- RMS=0.167906, GCV=5.369930e-05, AIC = 2.709852
  Model addition step   3: Added term 0 1 0 -- RMS=0.152509, GCV=4.447059e-05, AIC = 2.521262
  Model addition step   4: Added term 2 1 0 -- RMS=0.087927, GCV=1.483834e-05, AIC = 1.423623
  4 polynomial terms were written for deltscap3 x force
deltscap3
  RMS fit error of the full model is: 0.019631 (normalized)
range of amplitudes: 0.867377
  Model addition step   1: Added term 0 0 0 -- RMS=0.126065, GCV=3.015602e-05, AIC = 2.132847
  Model addition step   2: Added term 0 2 0 -- RMS=0.092463, GCV=1.628436e-05, AIC = 1.516657
  Model addition step   3: Added term 2 1 0 -- RMS=0.054204, GCV=5.617642e-06, AIC = 0.452346
  3 polynomial terms were written for deltscap3 y force
deltscap3
  RMS fit error of the full model is: 0.030128 (normalized)
range of amplitudes: 1.340469
  Model addition step   1: Added term 1 1 0 -- RMS=0.185146, GCV=6.504524e-05, AIC = 2.901546
  Model addition step   2: Added term 0 0 0 -- RMS=0.113194, GCV=2.440514e-05, AIC = 1.921246
  2 polynomial terms were written for deltscap3 z force
deltscap4
  RMS fit error of the full model is: 0.018948 (normalized)
range of amplitudes: 1.105380
  Model addition step   1: Added term 0 0 0 -- RMS=0.239276, GCV=1.086393e-04, AIC = 3.414496
  Model addition step   2: Added term 2 0 0 -- RMS=0.178411, GCV=6.062838e-05, AIC = 2.831215
  Model addition step   3: Added term 0 1 0 -- RMS=0.156596, GCV=4.688639e-05, AIC = 2.574162
  Model addition step   4: Added term 2 1 0 -- RMS=0.063765, GCV=7.803667e-06, AIC = 0.781003
  4 polynomial terms were written for deltscap4 x force
deltscap4
  RMS fit error of the full model is: 0.011282 (normalized)
range of amplitudes: 0.694340
  Model addition step   1: Added term 0 0 0 -- RMS=0.131591, GCV=3.285768e-05, AIC = 2.218648
  Model addition step   2: Added term 0 2 0 -- RMS=0.093753, GCV=1.674177e-05, AIC = 1.544359
  Model addition step   3: Added term 2 1 0 -- RMS=0.054579, GCV=5.695526e-06, AIC = 0.466115
  3 polynomial terms were written for deltscap4 y force
deltscap4
  RMS fit error of the full model is: 0.023329 (normalized)
range of amplitudes: 1.264772
  Model addition step   1: Added term 1 1 0 -- RMS=0.203653, GCV=7.869888e-05, AIC = 3.092092
  Model addition step   2: Added term 0 0 0 -- RMS=0.137528, GCV=3.602599e-05, AIC = 2.310693
  Model addition step   3: Added term 0 2 0 -- RMS=0.107753, GCV=2.219955e-05, AIC = 1.826506
  3 polynomial terms were written for deltscap4 z force
deltscap5
  RMS fit error of the full model is: 0.021604 (normalized)
range of amplitudes: 1.246004
  Model addition step   1: Added term 0 0 0 -- RMS=0.278777, GCV=1.474693e-04, AIC = 3.720083
  Model addition step   2: Added term 3 1 0 -- RMS=0.174290, GCV=5.785984e-05, AIC = 2.784476
  Model addition step   3: Added term 0 1 0 -- RMS=0.107901, GCV=2.226061e-05, AIC = 1.829253
  3 polynomial terms were written for deltscap5 x force
deltscap5
  RMS fit error of the full model is: 0.011556 (normalized)
range of amplitudes: 0.832350
  Model addition step   1: Added term 0 0 0 -- RMS=0.148264, GCV=4.171208e-05, AIC = 2.457253
  Model addition step   2: Added term 0 1 0 -- RMS=0.107889, GCV=2.217102e-05, AIC = 1.825238
  Model addition step   3: Added term 1 1 0 -- RMS=0.049729, GCV=4.728292e-06, AIC = 0.279998
  3 polynomial terms were written for deltscap5 y force
deltscap5
  RMS fit error of the full model is: 0.020061 (normalized)
range of amplitudes: 1.448320
  Model addition step   1: Added term 1 1 0 -- RMS=0.166822, GCV=5.280745e-05, AIC = 2.693115
  Model addition step   2: Added term 1 1 2 -- RMS=0.135798, GCV=3.512564e-05, AIC = 2.285383
  2 polynomial terms were written for deltscap5 z force
deltscap6
  RMS fit error of the full model is: 0.022302 (normalized)
range of amplitudes: 1.095757
  Model addition step   1: Added term 0 1 0 -- RMS=0.237485, GCV=1.070193e-04, AIC = 3.399472
  Model addition step   2: Added term 2 1 0 -- RMS=0.090460, GCV=1.558646e-05, AIC = 1.472855
  2 polynomial terms were written for deltscap6 x force
deltscap6
  RMS fit error of the full model is: 0.010281 (normalized)
range of amplitudes: 0.701364
  Model addition step   1: Added term 0 0 0 -- RMS=0.130323, GCV=3.222785e-05, AIC = 2.199294
  Model addition step   2: Added term 0 2 0 -- RMS=0.071448, GCV=9.723230e-06, AIC = 1.000970
  Model addition step   3: Added term 1 1 0 -- RMS=0.050323, GCV=4.841882e-06, AIC = 0.303737
  3 polynomial terms were written for deltscap6 y force
deltscap6
  RMS fit error of the full model is: 0.017122 (normalized)
range of amplitudes: 1.528040
  Model addition step   1: Added term 1 1 0 -- RMS=0.166900, GCV=5.285706e-05, AIC = 2.694054
  Model addition step   2: Added term 0 0 0 -- RMS=0.127417, GCV=3.092351e-05, AIC = 2.157969
  2 polynomial terms were written for deltscap6 z force
deltscap7
  RMS fit error of the full model is: 0.022961 (normalized)
range of amplitudes: 1.164136
  Model addition step   1: Added term 0 1 0 -- RMS=0.258520, GCV=1.268165e-04, AIC = 3.569204
  Model addition step   2: Added term 2 1 0 -- RMS=0.093016, GCV=1.647972e-05, AIC = 1.528582
  2 polynomial terms were written for deltscap7 x force
deltscap7
  RMS fit error of the full model is: 0.009278 (normalized)
range of amplitudes: 0.715850
  Model addition step   1: Added term 0 0 0 -- RMS=0.147501, GCV=4.128359e-05, AIC = 2.446928
  Model addition step   2: Added term 0 2 0 -- RMS=0.058632, GCV=6.547927e-06, AIC = 0.605600
  2 polynomial terms were written for deltscap7 y force
deltscap7
  RMS fit error of the full model is: 0.018139 (normalized)
range of amplitudes: 1.579986
  Model addition step   1: Added term 1 1 0 -- RMS=0.144253, GCV=3.948560e-05, AIC = 2.402399
  1 polynomial terms were written for deltscap7 z force
deltscap8
  RMS fit error of the full model is: 0.022659 (normalized)
range of amplitudes: 1.135380
  Model addition step   1: Added term 0 0 0 -- RMS=0.269138, GCV=1.374479e-04, AIC = 3.649708
  Model addition step   2: Added term 3 1 0 -- RMS=0.180482, GCV=6.204419e-05, AIC = 2.854299
  Model addition step   3: Added term 0 1 0 -- RMS=0.111471, GCV=2.375802e-05, AIC = 1.894354
  3 polynomial terms were written for deltscap8 x force
deltscap8
  RMS fit error of the full model is: 0.011888 (normalized)
range of amplitudes: 0.697767
  Model addition step   1: Added term 0 0 0 -- RMS=0.144037, GCV=3.936721e-05, AIC = 2.399396
  Model addition step   2: Added term 0 2 0 -- RMS=0.067592, GCV=8.701996e-06, AIC = 0.890004
  2 polynomial terms were written for deltscap8 y force
deltscap8
  RMS fit error of the full model is: 0.019879 (normalized)
range of amplitudes: 1.619865
  Model addition step   1: Added term 1 1 0 -- RMS=0.153068, GCV=4.445861e-05, AIC = 2.521021
  1 polynomial terms were written for deltscap8 z force
deltscap9
  RMS fit error of the full model is: 0.017591 (normalized)
range of amplitudes: 1.306594
  Model addition step   1: Added term 0 0 0 -- RMS=0.288248, GCV=1.576598e-04, AIC = 3.786902
  Model addition step   2: Added term 3 1 0 -- RMS=0.137995, GCV=3.627110e-05, AIC = 2.317473
  Model addition step   3: Added term 0 1 0 -- RMS=0.114672, GCV=2.514184e-05, AIC = 1.950968
  3 polynomial terms were written for deltscap9 x force
deltscap9
  RMS fit error of the full model is: 0.014448 (normalized)
range of amplitudes: 0.879130
  Model addition step   1: Added term 0 0 0 -- RMS=0.164439, GCV=5.130952e-05, AIC = 2.664339
  Model addition step   2: Added term 0 1 0 -- RMS=0.128329, GCV=3.136797e-05, AIC = 2.172239
  Model addition step   3: Added term 1 1 0 -- RMS=0.056707, GCV=6.148279e-06, AIC = 0.542606
  3 polynomial terms were written for deltscap9 y force
deltscap9
  RMS fit error of the full model is: 0.016001 (normalized)
range of amplitudes: 1.647120
  Model addition step   1: Added term 1 1 0 -- RMS=0.200910, GCV=7.659336e-05, AIC = 3.064973
  Model addition step   2: Added term 1 1 2 -- RMS=0.173740, GCV=5.749555e-05, AIC = 2.778159
  Model addition step   3: Added term 0 0 2 -- RMS=0.144626, GCV=3.999261e-05, AIC = 2.415129
  3 polynomial terms were written for deltscap9 z force
deltscap10
  RMS fit error of the full model is: 0.108753 (normalized)
range of amplitudes: 1.293846
  Model addition step   1: Added term 0 0 0 -- RMS=0.285589, GCV=1.547640e-04, AIC = 3.768364
  Model addition step   2: Added term 2 1 0 -- RMS=0.198433, GCV=7.500022e-05, AIC = 3.043943
Change in error: 0.015273. No more terms added.
   2 polynomial terms were written for deltscap10 x force
deltscap10
  RMS fit error of the full model is: 0.085460 (normalized)
range of amplitudes: 0.848518
  Model addition step   1: Added term 0 0 0 -- RMS=0.149549, GCV=4.243777e-05, AIC = 2.474502
  Model addition step   2: Added term 0 2 0 -- RMS=0.141591, GCV=3.818617e-05, AIC = 2.368925
Change in error: 0.027434. No more terms added.
   2 polynomial terms were written for deltscap10 y force
deltscap10
  RMS fit error of the full model is: 0.070693 (normalized)
range of amplitudes: 1.771741
  Model addition step   1: Added term 1 1 0 -- RMS=0.196637, GCV=7.336987e-05, AIC = 3.021976
  Model addition step   2: Added term 1 2 1 -- RMS=0.174256, GCV=5.783744e-05, AIC = 2.784088
  2 polynomial terms were written for deltscap10 z force
deltscap11
  RMS fit error of the full model is: 0.129038 (normalized)
range of amplitudes: 1.359798
  Model addition step   1: Added term 0 0 0 -- RMS=0.295638, GCV=1.658468e-04, AIC = 3.837527
  Model addition step   2: Added term 2 2 0 -- RMS=0.213491, GCV=8.681445e-05, AIC = 3.190225
  Model addition step   3: Added term 0 1 1 -- RMS=0.201931, GCV=7.796311e-05, AIC = 3.082670
Change in error: 0.043618. No more terms added.
   3 polynomial terms were written for deltscap11 x force
deltscap11
  RMS fit error of the full model is: 0.132163 (normalized)
range of amplitudes: 0.864319
  Model addition step   1: Added term 0 0 0 -- RMS=0.202793, GCV=7.803563e-05, AIC = 3.083628
  Model addition step   2: Added term 0 1 1 -- RMS=0.180432, GCV=6.201022e-05, AIC = 2.853751
Change in error: 0.027388. No more terms added.
   2 polynomial terms were written for deltscap11 y force
deltscap11
  RMS fit error of the full model is: 0.043091 (normalized)
range of amplitudes: 1.797126
  Model addition step   1: Added term 1 1 0 -- RMS=0.156500, GCV=4.647491e-05, AIC = 2.565375
  1 polynomial terms were written for deltscap11 z force
deltclav1
  RMS fit error of the full model is: 0.033067 (normalized)
range of amplitudes: 1.310419
  Model addition step   1: Added term 3 1 0 0 0 0 -- RMS=0.260660, GCV=1.289249e-04, AIC = 3.585693
  Model addition step   2: Added term 0 0 0 1 1 1 -- RMS=0.190551, GCV=6.916027e-05, AIC = 2.962879
  Model addition step   3: Added term 4 0 0 0 0 0 -- RMS=0.172547, GCV=5.692453e-05, AIC = 2.768160
  Model addition step   4: Added term 0 0 1 0 0 0 -- RMS=0.153845, GCV=4.542620e-05, AIC = 2.542498
  Model addition step   5: Added term 0 0 0 2 1 0 -- RMS=0.137632, GCV=3.649489e-05, AIC = 2.323549
  Model addition step   6: Added term 1 1 1 1 0 0 -- RMS=0.120733, GCV=2.819038e-05, AIC = 2.065318
  6 polynomial terms were written for deltclav1 x force
deltclav1
  RMS fit error of the full model is: 0.022067 (normalized)
range of amplitudes: 0.993452
  Model addition step   1: Added term 0 0 0 0 0 0 -- RMS=0.268018, GCV=1.363061e-04, AIC = 3.641366
  Model addition step   2: Added term 0 0 1 0 1 0 -- RMS=0.146367, GCV=4.080577e-05, AIC = 2.435276
  Model addition step   3: Added term 0 1 1 1 0 0 -- RMS=0.113166, GCV=2.448583e-05, AIC = 1.924529
  Model addition step   4: Added term 0 0 2 0 2 0 -- RMS=0.103256, GCV=2.046306e-05, AIC = 1.745030
  Model addition step   5: Added term 0 0 1 1 0 2 -- RMS=0.094876, GCV=1.734233e-05, AIC = 1.579527
  5 polynomial terms were written for deltclav1 y force
deltclav1
  RMS fit error of the full model is: 0.030196 (normalized)
range of amplitudes: 1.586185
  Model addition step   1: Added term 1 0 0 1 1 0 -- RMS=0.175606, GCV=5.851481e-05, AIC = 2.795743
  Model addition step   2: Added term 0 0 1 0 0 0 -- RMS=0.143656, GCV=3.930830e-05, AIC = 2.397888
  2 polynomial terms were written for deltclav1 z force
deltclav2
  RMS fit error of the full model is: 0.028989 (normalized)
range of amplitudes: 0.983189
  Model addition step   1: Added term 3 1 0 0 0 0 -- RMS=0.187860, GCV=6.696663e-05, AIC = 2.930657
  Model addition step   2: Added term 0 1 0 2 1 0 -- RMS=0.133971, GCV=3.418639e-05, AIC = 2.258280
  Model addition step   3: Added term 4 0 0 0 0 0 -- RMS=0.116441, GCV=2.592381e-05, AIC = 1.981596
  Model addition step   4: Added term 0 1 1 0 2 0 -- RMS=0.099147, GCV=1.886677e-05, AIC = 1.663811
  Model addition step   5: Added term 0 0 1 1 1 1 -- RMS=0.092660, GCV=1.654174e-05, AIC = 1.532263
  5 polynomial terms were written for deltclav2 x force
deltclav2
  RMS fit error of the full model is: 0.025039 (normalized)
range of amplitudes: 0.918054
  Model addition step   1: Added term 0 0 0 0 0 0 -- RMS=0.205779, GCV=8.035053e-05, AIC = 3.112861
  Model addition step   2: Added term 0 0 1 0 2 0 -- RMS=0.092474, GCV=1.628835e-05, AIC = 1.516902
  Model addition step   3: Added term 0 0 2 0 0 2 -- RMS=0.079286, GCV=1.201932e-05, AIC = 1.212949
  3 polynomial terms were written for deltclav2 y force
deltclav2
  RMS fit error of the full model is: 0.023092 (normalized)
range of amplitudes: 1.493096
  Model addition step   1: Added term 0 0 0 1 1 0 -- RMS=0.183882, GCV=6.416003e-05, AIC = 2.887843
  Model addition step   2: Added term 1 0 0 0 0 0 -- RMS=0.098982, GCV=1.866164e-05, AIC = 1.652922
  2 polynomial terms were written for deltclav2 z force
deltclav3
  RMS fit error of the full model is: 0.028504 (normalized)
range of amplitudes: 1.012832
  Model addition step   1: Added term 3 1 0 0 0 0 -- RMS=0.203422, GCV=7.852067e-05, AIC = 3.089825
  Model addition step   2: Added term 0 1 0 2 1 0 -- RMS=0.148263, GCV=4.186990e-05, AIC = 2.461019
  Model addition step   3: Added term 0 0 3 1 0 0 -- RMS=0.131933, GCV=3.328079e-05, AIC = 2.231414
  Model addition step   4: Added term 4 0 0 0 0 0 -- RMS=0.121000, GCV=2.810031e-05, AIC = 2.062189
  Model addition step   5: Added term 0 0 0 2 1 0 -- RMS=0.105216, GCV=2.132820e-05, AIC = 1.786407
  Model addition step   6: Added term 0 0 1 0 2 1 -- RMS=0.097447, GCV=1.836495e-05, AIC = 1.636781
  6 polynomial terms were written for deltclav3 x force
deltclav3
  RMS fit error of the full model is: 0.022265 (normalized)
range of amplitudes: 0.929752
  Model addition step   1: Added term 0 0 0 0 0 0 -- RMS=0.227601, GCV=9.829587e-05, AIC = 3.314445
  Model addition step   2: Added term 0 0 1 0 2 0 -- RMS=0.108830, GCV=2.255943e-05, AIC = 1.842605
  Model addition step   3: Added term 0 2 1 1 0 0 -- RMS=0.093009, GCV=1.653994e-05, AIC = 1.532212
  Model addition step   4: Added term 0 0 2 0 0 2 -- RMS=0.084640, GCV=1.374955e-05, AIC = 1.347415
  4 polynomial terms were written for deltclav3 y force
deltclav3
  RMS fit error of the full model is: 0.019776 (normalized)
range of amplitudes: 1.468103
  Model addition step   1: Added term 0 0 0 1 2 0 -- RMS=0.194282, GCV=7.162287e-05, AIC = 2.997877
  Model addition step   2: Added term 0 0 0 0 0 0 -- RMS=0.103012, GCV=2.021217e-05, AIC = 1.732737
  2 polynomial terms were written for deltclav3 z force
deltclav4
  RMS fit error of the full model is: 0.030385 (normalized)
range of amplitudes: 1.045464
  Model addition step   1: Added term 3 1 0 0 0 0 -- RMS=0.211386, GCV=8.478899e-05, AIC = 3.166628
  Model addition step   2: Added term 0 1 0 2 1 0 -- RMS=0.146029, GCV=4.061738e-05, AIC = 2.430648
  Model addition step   3: Added term 0 0 3 1 0 0 -- RMS=0.132207, GCV=3.341887e-05, AIC = 2.235555
  Model addition step   4: Added term 0 0 1 0 2 1 -- RMS=0.119999, GCV=2.763708e-05, AIC = 2.045567
  Model addition step   5: Added term 4 0 0 0 0 0 -- RMS=0.104695, GCV=2.111780e-05, AIC = 1.776492
  Model addition step   6: Added term 1 0 0 2 1 0 -- RMS=0.096202, GCV=1.789867e-05, AIC = 1.611063
  6 polynomial terms were written for deltclav4 x force
deltclav4
  RMS fit error of the full model is: 0.025194 (normalized)
range of amplitudes: 1.028247
  Model addition step   1: Added term 0 0 0 0 0 0 -- RMS=0.185139, GCV=6.504018e-05, AIC = 2.901468
  Model addition step   2: Added term 0 0 1 0 2 0 -- RMS=0.078350, GCV=1.169271e-05, AIC = 1.185417
  2 polynomial terms were written for deltclav4 y force
deltclav4
  RMS fit error of the full model is: 0.023437 (normalized)
range of amplitudes: 1.599771
  Model addition step   1: Added term 0 0 0 1 1 0 -- RMS=0.178245, GCV=6.028688e-05, AIC = 2.825577
  Model addition step   2: Added term 0 0 0 0 0 0 -- RMS=0.100312, GCV=1.916625e-05, AIC = 1.679603
  2 polynomial terms were written for deltclav4 z force
coracobr1
  RMS fit error of the full model is: 0.006309 (normalized)
range of amplitudes: 1.192091
  Model addition step   1: Added term 0 0 0 -- RMS=0.239170, GCV=1.085427e-04, AIC = 3.413607
  Model addition step   2: Added term 2 0 0 -- RMS=0.159273, GCV=4.831924e-05, AIC = 2.604282
  Model addition step   3: Added term 4 0 0 -- RMS=0.139420, GCV=3.716521e-05, AIC = 2.341807
  Model addition step   4: Added term 0 1 0 -- RMS=0.125083, GCV=3.002847e-05, AIC = 2.128555
  Model addition step   5: Added term 2 1 0 -- RMS=0.045806, GCV=4.042379e-06, AIC = 0.123210
  5 polynomial terms were written for coracobr1 x force
coracobr1
  RMS fit error of the full model is: 0.002287 (normalized)
range of amplitudes: 0.788042
  Model addition step   1: Added term 0 0 0 -- RMS=0.176581, GCV=5.916648e-05, AIC = 2.806818
  Model addition step   2: Added term 0 2 0 -- RMS=0.034138, GCV=2.219774e-06, AIC = -0.476142
  2 polynomial terms were written for coracobr1 y force
coracobr1
  RMS fit error of the full model is: 0.008508 (normalized)
range of amplitudes: 1.784573
  Model addition step   1: Added term 1 1 0 -- RMS=0.141466, GCV=3.797448e-05, AIC = 2.363377
  1 polynomial terms were written for coracobr1 z force
coracobr2
  RMS fit error of the full model is: 0.005965 (normalized)
range of amplitudes: 1.153372
  Model addition step   1: Added term 0 0 0 -- RMS=0.240741, GCV=1.099736e-04, AIC = 3.426703
  Model addition step   2: Added term 2 0 0 -- RMS=0.157001, GCV=4.695022e-05, AIC = 2.575540
  Model addition step   3: Added term 4 0 0 -- RMS=0.137174, GCV=3.597717e-05, AIC = 2.309318
  Model addition step   4: Added term 0 1 0 -- RMS=0.120375, GCV=2.781056e-05, AIC = 2.051825
  Model addition step   5: Added term 2 1 0 -- RMS=0.040656, GCV=3.184539e-06, AIC = -0.115316
  5 polynomial terms were written for coracobr2 x force
coracobr2
  RMS fit error of the full model is: 0.002296 (normalized)
range of amplitudes: 0.883170
  Model addition step   1: Added term 0 0 0 -- RMS=0.194169, GCV=7.153971e-05, AIC = 2.996715
  Model addition step   2: Added term 0 2 0 -- RMS=0.044451, GCV=3.763554e-06, AIC = 0.051816
  2 polynomial terms were written for coracobr2 y force
coracobr2
  RMS fit error of the full model is: 0.009232 (normalized)
range of amplitudes: 1.800203
  Model addition step   1: Added term 1 1 0 -- RMS=0.157768, GCV=4.723082e-05, AIC = 2.581509
  1 polynomial terms were written for coracobr2 z force
coracobr3
  RMS fit error of the full model is: 0.006301 (normalized)
range of amplitudes: 1.169518
  Model addition step   1: Added term 0 0 0 -- RMS=0.239000, GCV=1.083886e-04, AIC = 3.412186
  Model addition step   2: Added term 2 0 0 -- RMS=0.157807, GCV=4.743372e-05, AIC = 2.585785
  Model addition step   3: Added term 4 0 0 -- RMS=0.138041, GCV=3.643363e-05, AIC = 2.321926
  Model addition step   4: Added term 0 1 0 -- RMS=0.122078, GCV=2.860322e-05, AIC = 2.079928
  Model addition step   5: Added term 2 1 0 -- RMS=0.042449, GCV=3.471576e-06, AIC = -0.029015
  5 polynomial terms were written for coracobr3 x force
coracobr3
  RMS fit error of the full model is: 0.002336 (normalized)
range of amplitudes: 0.825898
  Model addition step   1: Added term 0 0 0 -- RMS=0.182923, GCV=6.349271e-05, AIC = 2.877388
  Model addition step   2: Added term 0 2 0 -- RMS=0.039792, GCV=3.016005e-06, AIC = -0.169615
  2 polynomial terms were written for coracobr3 y force
coracobr3
  RMS fit error of the full model is: 0.009135 (normalized)
range of amplitudes: 1.786509
  Model addition step   1: Added term 1 1 0 -- RMS=0.152019, GCV=4.385164e-05, AIC = 2.507275
  1 polynomial terms were written for coracobr3 z force
infra1
  RMS fit error of the full model is: 0.008938 (normalized)
range of amplitudes: 0.295753
  Model addition step   1: Added term 0 0 0 -- RMS=0.060989, GCV=7.058189e-06, AIC = 0.680651
  Model addition step   2: Added term 1 1 0 -- RMS=0.049823, GCV=4.728171e-06, AIC = 0.279990
  Model addition step   3: Added term 2 1 1 -- RMS=0.028616, GCV=1.565624e-06, AIC = -0.825282
  3 polynomial terms were written for infra1 x force
infra1
  RMS fit error of the full model is: 0.015498 (normalized)
range of amplitudes: 0.644365
  Model addition step   1: Added term 0 0 0 -- RMS=0.126012, GCV=3.013070e-05, AIC = 2.132007
  Model addition step   2: Added term 1 1 0 -- RMS=0.104882, GCV=2.095249e-05, AIC = 1.768709
  Model addition step   3: Added term 1 1 1 -- RMS=0.055759, GCV=5.944407e-06, AIC = 0.508885
  3 polynomial terms were written for infra1 y force
infra1
  RMS fit error of the full model is: 0.009054 (normalized)
range of amplitudes: 0.426413
  Model addition step   1: Added term 0 2 0 -- RMS=0.092825, GCV=1.634995e-05, AIC = 1.520688
  Model addition step   2: Added term 0 1 1 -- RMS=0.078985, GCV=1.188281e-05, AIC = 1.201545
  Model addition step   3: Added term 2 1 1 -- RMS=0.066362, GCV=8.420149e-06, AIC = 0.857062
  Model addition step   4: Added term 0 1 0 -- RMS=0.060300, GCV=6.978725e-06, AIC = 0.669275
  Model addition step   5: Added term 1 0 2 -- RMS=0.056836, GCV=6.223665e-06, AIC = 0.554735
  Model addition step   6: Added term 1 0 0 -- RMS=0.053775, GCV=5.592537e-06, AIC = 0.447770
  Model addition step   7: Added term 0 2 1 -- RMS=0.048670, GCV=4.598781e-06, AIC = 0.252081
  Model addition step   8: Added term 1 3 0 -- RMS=0.043452, GCV=3.679610e-06, AIC = 0.029042
  Model addition step   9: Added term 2 0 0 -- RMS=0.041070, GCV=3.299893e-06, AIC = -0.079936
  9 polynomial terms were written for infra1 z force
infra2
  RMS fit error of the full model is: 0.004162 (normalized)
range of amplitudes: 0.165950
  Model addition step   1: Added term 0 0 0 -- RMS=0.032627, GCV=2.019936e-06, AIC = -0.570472
  Model addition step   2: Added term 1 1 0 -- RMS=0.027690, GCV=1.460407e-06, AIC = -0.894833
  Model addition step   3: Added term 3 1 0 -- RMS=0.017880, GCV=6.112256e-07, AIC = -1.765855
  Model addition step   4: Added term 0 0 2 -- RMS=0.014453, GCV=4.009321e-07, AIC = -2.187554
  4 polynomial terms were written for infra2 x force
infra2
  RMS fit error of the full model is: 0.005382 (normalized)
range of amplitudes: 0.211325
  Model addition step   1: Added term 0 0 0 -- RMS=0.041542, GCV=3.274710e-06, AIC = -0.087308
  Model addition step   2: Added term 0 0 2 -- RMS=0.035854, GCV=2.448548e-06, AIC = -0.378053
  Model addition step   3: Added term 1 1 0 -- RMS=0.031598, GCV=1.908939e-06, AIC = -0.627019
  Model addition step   4: Added term 1 1 1 -- RMS=0.023881, GCV=1.094534e-06, AIC = -1.183262
  Model addition step   5: Added term 0 1 0 -- RMS=0.020731, GCV=8.279736e-07, AIC = -1.462398
  5 polynomial terms were written for infra2 y force
infra2
  RMS fit error of the full model is: 0.005329 (normalized)
range of amplitudes: 0.206021
  Model addition step   1: Added term 0 0 0 -- RMS=0.052157, GCV=5.161876e-06, AIC = 0.367763
  Model addition step   2: Added term 1 1 0 -- RMS=0.037925, GCV=2.739584e-06, AIC = -0.265742
  Model addition step   3: Added term 3 1 0 -- RMS=0.030382, GCV=1.764857e-06, AIC = -0.705496
  Model addition step   4: Added term 0 0 1 -- RMS=0.028051, GCV=1.510244e-06, AIC = -0.861320
  Model addition step   5: Added term 2 0 1 -- RMS=0.024446, GCV=1.151358e-06, AIC = -1.132682
  Model addition step   6: Added term 0 2 0 -- RMS=0.022471, GCV=9.765349e-07, AIC = -1.297408
  Model addition step   7: Added term 0 1 2 -- RMS=0.020884, GCV=8.467429e-07, AIC = -1.440069
  Model addition step   8: Added term 0 1 1 -- RMS=0.019803, GCV=7.642859e-07, AIC = -1.542578
  8 polynomial terms were written for infra2 z force
infra3
  RMS fit error of the full model is: 0.004762 (normalized)
range of amplitudes: 0.188633
  Model addition step   1: Added term 0 0 0 -- RMS=0.037417, GCV=2.656545e-06, AIC = -0.296511
  Model addition step   2: Added term 1 1 0 -- RMS=0.031606, GCV=1.902737e-06, AIC = -0.630255
  Model addition step   3: Added term 3 1 0 -- RMS=0.019617, GCV=7.357998e-07, AIC = -1.580363
  Model addition step   4: Added term 0 0 2 -- RMS=0.015256, GCV=4.466802e-07, AIC = -2.079504
  4 polynomial terms were written for infra3 x force
infra3
  RMS fit error of the full model is: 0.006335 (normalized)
range of amplitudes: 0.255933
  Model addition step   1: Added term 0 0 0 -- RMS=0.050311, GCV=4.802918e-06, AIC = 0.295686
  Model addition step   2: Added term 0 0 2 -- RMS=0.042332, GCV=3.413279e-06, AIC = -0.045875
  Model addition step   3: Added term 1 1 0 -- RMS=0.037775, GCV=2.728240e-06, AIC = -0.269909
  Model addition step   4: Added term 1 1 1 -- RMS=0.026679, GCV=1.366104e-06, AIC = -0.961628
  Model addition step   5: Added term 0 1 0 -- RMS=0.023173, GCV=1.034540e-06, AIC = -1.239667
  5 polynomial terms were written for infra3 y force
infra3
  RMS fit error of the full model is: 0.006204 (normalized)
range of amplitudes: 0.241555
  Model addition step   1: Added term 0 0 0 -- RMS=0.060960, GCV=7.051362e-06, AIC = 0.679684
  Model addition step   2: Added term 1 1 0 -- RMS=0.043581, GCV=3.617616e-06, AIC = 0.012267
  Model addition step   3: Added term 3 1 0 -- RMS=0.034825, GCV=2.318795e-06, AIC = -0.432518
  Model addition step   4: Added term 0 0 1 -- RMS=0.032079, GCV=1.975007e-06, AIC = -0.593019
  Model addition step   5: Added term 2 0 1 -- RMS=0.027937, GCV=1.503630e-06, AIC = -0.865741
  Model addition step   6: Added term 0 2 0 -- RMS=0.025633, GCV=1.270718e-06, AIC = -1.034081
  Model addition step   7: Added term 0 1 2 -- RMS=0.024064, GCV=1.124248e-06, AIC = -1.156596
  7 polynomial terms were written for infra3 z force
infra4
  RMS fit error of the full model is: 0.004041 (normalized)
range of amplitudes: 0.158384
  Model addition step   1: Added term 0 0 0 -- RMS=0.033668, GCV=2.150862e-06, AIC = -0.507668
  Model addition step   2: Added term 1 1 0 -- RMS=0.026397, GCV=1.327173e-06, AIC = -0.990497
  Model addition step   3: Added term 3 1 0 -- RMS=0.014645, GCV=4.100505e-07, AIC = -2.165041
  3 polynomial terms were written for infra4 x force
infra4
  RMS fit error of the full model is: 0.006402 (normalized)
range of amplitudes: 0.262302
  Model addition step   1: Added term 0 0 0 -- RMS=0.052972, GCV=5.324617e-06, AIC = 0.398804
  Model addition step   2: Added term 0 1 2 -- RMS=0.040909, GCV=3.187645e-06, AIC = -0.114266
  Model addition step   3: Added term 1 1 0 -- RMS=0.026978, GCV=1.391516e-06, AIC = -0.943172
  Model addition step   4: Added term 1 1 1 -- RMS=0.022173, GCV=9.436275e-07, AIC = -1.331615
  4 polynomial terms were written for infra4 y force
infra4
  RMS fit error of the full model is: 0.006542 (normalized)
range of amplitudes: 0.286027
  Model addition step   1: Added term 0 0 0 -- RMS=0.072915, GCV=1.008825e-05, AIC = 1.037834
  Model addition step   2: Added term 1 1 0 -- RMS=0.043513, GCV=3.606452e-06, AIC = 0.009177
  Model addition step   3: Added term 3 1 0 -- RMS=0.030702, GCV=1.802313e-06, AIC = -0.684495
  Model addition step   4: Added term 0 1 0 -- RMS=0.027745, GCV=1.477467e-06, AIC = -0.883262
  4 polynomial terms were written for infra4 z force
infra5
  RMS fit error of the full model is: 0.003083 (normalized)
range of amplitudes: 0.088997
  Model addition step   1: Added term 0 0 0 -- RMS=0.022965, GCV=1.000755e-06, AIC = -1.272782
  Model addition step   2: Added term 1 1 0 -- RMS=0.015392, GCV=4.512605e-07, AIC = -2.069259
  Model addition step   3: Added term 3 1 0 -- RMS=0.009641, GCV=1.777170e-07, AIC = -3.001129
  Model addition step   4: Added term 0 1 0 -- RMS=0.007523, GCV=1.086167e-07, AIC = -3.493521
  4 polynomial terms were written for infra5 x force
infra5
  RMS fit error of the full model is: 0.007291 (normalized)
range of amplitudes: 0.292549
  Model addition step   1: Added term 0 0 0 -- RMS=0.061371, GCV=7.146873e-06, AIC = 0.693138
  Model addition step   2: Added term 0 1 2 -- RMS=0.048659, GCV=4.509827e-06, AIC = 0.232711
  Model addition step   3: Added term 1 1 0 -- RMS=0.022455, GCV=9.640914e-07, AIC = -1.310135
  3 polynomial terms were written for infra5 y force
infra5
  RMS fit error of the full model is: 0.008740 (normalized)
range of amplitudes: 0.350030
  Model addition step   1: Added term 0 0 0 -- RMS=0.089793, GCV=1.529919e-05, AIC = 1.454262
  Model addition step   2: Added term 1 1 0 -- RMS=0.050205, GCV=4.800999e-06, AIC = 0.295276
  Model addition step   3: Added term 3 1 0 -- RMS=0.035730, GCV=2.440964e-06, AIC = -0.381173
  Model addition step   4: Added term 0 1 0 -- RMS=0.032632, GCV=2.043731e-06, AIC = -0.558814
  4 polynomial terms were written for infra5 z force
infra6
  RMS fit error of the full model is: 0.004551 (normalized)
range of amplitudes: 0.109812
  Model addition step   1: Added term 0 0 0 -- RMS=0.026858, GCV=1.368766e-06, AIC = -0.959628
  Model addition step   2: Added term 0 2 0 -- RMS=0.018329, GCV=6.399054e-07, AIC = -1.719983
  Model addition step   3: Added term 1 1 0 -- RMS=0.016000, GCV=4.894693e-07, AIC = -1.988000
  Model addition step   4: Added term 3 1 0 -- RMS=0.013791, GCV=3.650538e-07, AIC = -2.281302
  Model addition step   5: Added term 1 0 2 -- RMS=0.013059, GCV=3.285530e-07, AIC = -2.386681
Change in error: 0.041280. No more terms added.
   5 polynomial terms were written for infra6 x force
infra6
  RMS fit error of the full model is: 0.009833 (normalized)
range of amplitudes: 0.400250
  Model addition step   1: Added term 0 0 2 -- RMS=0.076587, GCV=1.113013e-05, AIC = 1.136118
  Model addition step   2: Added term 0 1 1 -- RMS=0.059420, GCV=6.725017e-06, AIC = 0.632287
  Model addition step   3: Added term 0 1 2 -- RMS=0.037348, GCV=2.666966e-06, AIC = -0.292624
  3 polynomial terms were written for infra6 y force
infra6
  RMS fit error of the full model is: 0.009403 (normalized)
range of amplitudes: 0.336454
  Model addition step   1: Added term 0 0 0 -- RMS=0.087428, GCV=1.450394e-05, AIC = 1.400883
  Model addition step   2: Added term 1 1 0 -- RMS=0.059245, GCV=6.685595e-06, AIC = 0.626407
  Model addition step   3: Added term 3 1 0 -- RMS=0.048005, GCV=4.406095e-06, AIC = 0.209423
  Model addition step   4: Added term 0 1 0 -- RMS=0.044129, GCV=3.737610e-06, AIC = 0.044855
  Model addition step   5: Added term 0 0 1 -- RMS=0.040199, GCV=3.113395e-06, AIC = -0.137910
  Model addition step   6: Added term 2 0 1 -- RMS=0.036574, GCV=2.586949e-06, AIC = -0.323184
  Model addition step   7: Added term 1 0 2 -- RMS=0.034442, GCV=2.303019e-06, AIC = -0.439489
  Model addition step   8: Added term 1 0 0 -- RMS=0.029957, GCV=1.748901e-06, AIC = -0.714777
  8 polynomial terms were written for infra6 z force
termin1
  RMS fit error of the full model is: 0.015419 (normalized)
range of amplitudes: 0.385124
  Model addition step   1: Added term 0 0 0 -- RMS=0.073659, GCV=1.029518e-05, AIC = 1.058139
  Model addition step   2: Added term 1 2 0 -- RMS=0.049693, GCV=4.703458e-06, AIC = 0.274750
  Model addition step   3: Added term 0 0 2 -- RMS=0.042431, GCV=3.442246e-06, AIC = -0.037442
  Model addition step   4: Added term 0 0 4 -- RMS=0.036637, GCV=2.576233e-06, AIC = -0.327263
  4 polynomial terms were written for termin1 x force
termin1
  RMS fit error of the full model is: 0.014839 (normalized)
range of amplitudes: 0.580621
  Model addition step   1: Added term 0 0 0 -- RMS=0.120977, GCV=2.777124e-05, AIC = 2.050464
  Model addition step   2: Added term 1 1 0 -- RMS=0.077037, GCV=1.130407e-05, AIC = 1.151615
  Model addition step   3: Added term 1 0 1 -- RMS=0.062971, GCV=7.581617e-06, AIC = 0.752161
  Model addition step   4: Added term 1 0 3 -- RMS=0.055198, GCV=5.847578e-06, AIC = 0.492436
  4 polynomial terms were written for termin1 y force
termin1
  RMS fit error of the full model is: 0.013365 (normalized)
range of amplitudes: 0.499493
  Model addition step   1: Added term 0 0 0 -- RMS=0.103592, GCV=2.036284e-05, AIC = 1.740174
  Model addition step   2: Added term 3 1 0 -- RMS=0.095383, GCV=1.732908e-05, AIC = 1.578838
  Model addition step   3: Added term 0 0 1 -- RMS=0.089937, GCV=1.546547e-05, AIC = 1.465044
  Model addition step   4: Added term 2 2 0 -- RMS=0.084316, GCV=1.364448e-05, AIC = 1.339744
Change in error: 0.036701. No more terms added.
   4 polynomial terms were written for termin1 z force
termin2
  RMS fit error of the full model is: 0.011079 (normalized)
range of amplitudes: 0.316243
  Model addition step   1: Added term 0 0 0 -- RMS=0.062160, GCV=7.331759e-06, AIC = 0.718678
  Model addition step   2: Added term 1 2 0 -- RMS=0.048575, GCV=4.494333e-06, AIC = 0.229269
  Model addition step   3: Added term 0 0 2 -- RMS=0.036652, GCV=2.568452e-06, AIC = -0.330263
  Model addition step   4: Added term 0 0 4 -- RMS=0.031309, GCV=1.881359e-06, AIC = -0.641597
  4 polynomial terms were written for termin2 x force
termin2
  RMS fit error of the full model is: 0.012177 (normalized)
range of amplitudes: 0.498862
  Model addition step   1: Added term 0 0 0 -- RMS=0.101309, GCV=1.947521e-05, AIC = 1.695605
  Model addition step   2: Added term 1 1 0 -- RMS=0.075863, GCV=1.096224e-05, AIC = 1.120908
  Model addition step   3: Added term 1 0 1 -- RMS=0.059768, GCV=6.830083e-06, AIC = 0.647771
  Model addition step   4: Added term 1 0 3 -- RMS=0.052708, GCV=5.332020e-06, AIC = 0.400139
  Model addition step   5: Added term 2 1 1 -- RMS=0.048168, GCV=4.470066e-06, AIC = 0.223779
  5 polynomial terms were written for termin2 y force
termin2
  RMS fit error of the full model is: 0.011526 (normalized)
range of amplitudes: 0.395602
  Model addition step   1: Added term 0 0 0 -- RMS=0.089124, GCV=1.507220e-05, AIC = 1.439315
Change in error: 0.048343. No more terms added.
   1 polynomial terms were written for termin2 z force
termin3
  RMS fit error of the full model is: 0.018113 (normalized)
range of amplitudes: 0.389787
  Model addition step   1: Added term 0 0 0 -- RMS=0.071918, GCV=9.814427e-06, AIC = 1.010316
  Model addition step   2: Added term 0 2 0 -- RMS=0.056647, GCV=6.112070e-06, AIC = 0.536718
  Model addition step   3: Added term 0 1 2 -- RMS=0.048489, GCV=4.495419e-06, AIC = 0.229493
  Model addition step   4: Added term 1 1 0 -- RMS=0.037600, GCV=2.713353e-06, AIC = -0.275406
  4 polynomial terms were written for termin3 x force
termin3
  RMS fit error of the full model is: 0.021094 (normalized)
range of amplitudes: 0.843762
  Model addition step   1: Added term 0 1 0 -- RMS=0.172240, GCV=5.629311e-05, AIC = 2.757035
  Model addition step   2: Added term 0 0 0 -- RMS=0.149498, GCV=4.256991e-05, AIC = 2.477600
  Model addition step   3: Added term 1 1 0 -- RMS=0.117333, GCV=2.632231e-05, AIC = 1.996851
  Model addition step   4: Added term 1 1 1 -- RMS=0.070293, GCV=9.483458e-06, AIC = 0.975958
  4 polynomial terms were written for termin3 y force
termin3
  RMS fit error of the full model is: 0.015795 (normalized)
range of amplitudes: 0.560894
  Model addition step   1: Added term 0 0 0 -- RMS=0.144730, GCV=3.974719e-05, AIC = 2.409002
Change in error: 0.036743. No more terms added.
   1 polynomial terms were written for termin3 z force
termaj1
  RMS fit error of the full model is: 0.003478 (normalized)
range of amplitudes: 0.359063
  Model addition step   1: Added term 0 0 0 -- RMS=0.078593, GCV=1.172070e-05, AIC = 1.187819
  Model addition step   2: Added term 0 1 2 -- RMS=0.066730, GCV=8.481485e-06, AIC = 0.864338
  Model addition step   3: Added term 1 1 0 -- RMS=0.040298, GCV=3.104863e-06, AIC = -0.140596
  Model addition step   4: Added term 2 2 0 -- RMS=0.027663, GCV=1.468746e-06, AIC = -0.889182
  4 polynomial terms were written for termaj1 x force
termaj1
  RMS fit error of the full model is: 0.004993 (normalized)
range of amplitudes: 0.594253
  Model addition step   1: Added term 0 1 0 -- RMS=0.097649, GCV=1.809342e-05, AIC = 1.622011
  Model addition step   2: Added term 0 0 2 -- RMS=0.058544, GCV=6.528380e-06, AIC = 0.602611
  2 polynomial terms were written for termaj1 y force
termaj1
  RMS fit error of the full model is: 0.009982 (normalized)
range of amplitudes: 0.968018
  Model addition step   1: Added term 0 0 0 -- RMS=0.254128, GCV=1.225439e-04, AIC = 3.534932
  Model addition step   2: Added term 1 1 0 -- RMS=0.090587, GCV=1.563040e-05, AIC = 1.475669
  2 polynomial terms were written for termaj1 z force
termaj2
  RMS fit error of the full model is: 0.004421 (normalized)
range of amplitudes: 0.344272
  Model addition step   1: Added term 0 0 0 -- RMS=0.072499, GCV=9.973681e-06, AIC = 1.026412
  Model addition step   2: Added term 0 2 2 -- RMS=0.062893, GCV=7.534175e-06, AIC = 0.745901
  Model addition step   3: Added term 1 1 0 -- RMS=0.037408, GCV=2.675579e-06, AIC = -0.289400
  Model addition step   4: Added term 2 2 0 -- RMS=0.022722, GCV=9.909041e-07, AIC = -1.282729
  4 polynomial terms were written for termaj2 x force
termaj2
  RMS fit error of the full model is: 0.003605 (normalized)
range of amplitudes: 0.595942
  Model addition step   1: Added term 0 1 0 -- RMS=0.057915, GCV=6.364576e-06, AIC = 0.577210
  1 polynomial terms were written for termaj2 y force
termaj2
  RMS fit error of the full model is: 0.010497 (normalized)
range of amplitudes: 1.054473
  Model addition step   1: Added term 0 0 0 -- RMS=0.278451, GCV=1.471248e-04, AIC = 3.717744
  Model addition step   2: Added term 1 1 0 -- RMS=0.086876, GCV=1.437596e-05, AIC = 1.392009
  2 polynomial terms were written for termaj2 z force
termaj3
  RMS fit error of the full model is: 0.005745 (normalized)
range of amplitudes: 0.388196
  Model addition step   1: Added term 0 0 0 -- RMS=0.087466, GCV=1.451680e-05, AIC = 1.401769
  Model addition step   2: Added term 1 1 0 -- RMS=0.058248, GCV=6.462407e-06, AIC = 0.592454
  Model addition step   3: Added term 2 2 0 -- RMS=0.036462, GCV=2.541988e-06, AIC = -0.340620
  3 polynomial terms were written for termaj3 x force
termaj3
  RMS fit error of the full model is: 0.004717 (normalized)
range of amplitudes: 0.668450
  Model addition step   1: Added term 0 3 0 -- RMS=0.070928, GCV=9.546061e-06, AIC = 0.982591
  Model addition step   2: Added term 0 0 0 -- RMS=0.057191, GCV=6.230109e-06, AIC = 0.555846
  2 polynomial terms were written for termaj3 y force
termaj3
  RMS fit error of the full model is: 0.012958 (normalized)
range of amplitudes: 1.068974
  Model addition step   1: Added term 0 0 0 -- RMS=0.272304, GCV=1.407010e-04, AIC = 3.673100
  Model addition step   2: Added term 1 1 0 -- RMS=0.102044, GCV=1.983414e-05, AIC = 1.713857
  2 polynomial terms were written for termaj3 z force
termaj4
  RMS fit error of the full model is: 0.002709 (normalized)
range of amplitudes: 0.351496
  Model addition step   1: Added term 0 0 0 -- RMS=0.079652, GCV=1.203880e-05, AIC = 1.214597
  Model addition step   2: Added term 1 1 0 -- RMS=0.067681, GCV=8.725133e-06, AIC = 0.892660
  Model addition step   3: Added term 1 1 1 -- RMS=0.033074, GCV=2.091550e-06, AIC = -0.535660
  3 polynomial terms were written for termaj4 x force
termaj4
  RMS fit error of the full model is: 0.006256 (normalized)
range of amplitudes: 0.546454
  Model addition step   1: Added term 0 0 0 -- RMS=0.100985, GCV=1.935094e-05, AIC = 1.689204
  Model addition step   2: Added term 1 2 1 -- RMS=0.032068, GCV=1.958772e-06, AIC = -0.601230
  2 polynomial terms were written for termaj4 y force
termaj4
  RMS fit error of the full model is: 0.008637 (normalized)
range of amplitudes: 0.810756
  Model addition step   1: Added term 0 0 0 -- RMS=0.204289, GCV=7.919106e-05, AIC = 3.098326
  Model addition step   2: Added term 1 1 0 -- RMS=0.087958, GCV=1.473607e-05, AIC = 1.416750
  Model addition step   3: Added term 0 1 0 -- RMS=0.065853, GCV=8.291477e-06, AIC = 0.841662
  3 polynomial terms were written for termaj4 z force
supra1
  RMS fit error of the full model is: 0.022877 (normalized)
range of amplitudes: 0.417276
  Model addition step   1: Added term 0 0 0 -- RMS=0.052279, GCV=5.186146e-06, AIC = 0.372454
  Model addition step   2: Added term 0 1 3 -- RMS=0.038596, GCV=2.837326e-06, AIC = -0.230686
  2 polynomial terms were written for supra1 x force
supra1
  RMS fit error of the full model is: 0.047261 (normalized)
range of amplitudes: 0.752924
  Model addition step   1: Added term 0 0 2 -- RMS=0.106475, GCV=2.151201e-05, AIC = 1.795074
  Model addition step   2: Added term 0 1 2 -- RMS=0.098212, GCV=1.837214e-05, AIC = 1.637288
  Model addition step   3: Added term 0 1 1 -- RMS=0.081620, GCV=1.273734e-05, AIC = 1.270972
  Model addition step   4: Added term 2 1 1 -- RMS=0.074760, GCV=1.072680e-05, AIC = 1.099154
  4 polynomial terms were written for supra1 y force
supra1
  RMS fit error of the full model is: 0.036211 (normalized)
range of amplitudes: 0.785394
  Model addition step   1: Added term 0 1 0 -- RMS=0.136535, GCV=3.537355e-05, AIC = 2.292427
  Model addition step   2: Added term 0 1 1 -- RMS=0.122789, GCV=2.871789e-05, AIC = 2.083972
  Model addition step   3: Added term 2 2 0 -- RMS=0.095752, GCV=1.753002e-05, AIC = 1.590349
Change in error: 0.045820. No more terms added.
   3 polynomial terms were written for supra1 z force
supra2
  RMS fit error of the full model is: 0.018045 (normalized)
range of amplitudes: 0.259819
  Model addition step   1: Added term 0 0 0 -- RMS=0.032295, GCV=1.979074e-06, AIC = -0.590908
  Model addition step   2: Added term 0 2 0 -- RMS=0.027064, GCV=1.395187e-06, AIC = -0.940519
Change in error: 0.030420. No more terms added.
   2 polynomial terms were written for supra2 x force
supra2
  RMS fit error of the full model is: 0.027927 (normalized)
range of amplitudes: 0.624315
  Model addition step   1: Added term 0 0 0 -- RMS=0.104148, GCV=2.058223e-05, AIC = 1.750891
  Model addition step   2: Added term 0 0 2 -- RMS=0.083180, GCV=1.317864e-05, AIC = 1.305050
  Model addition step   3: Added term 0 0 1 -- RMS=0.072786, GCV=1.012930e-05, AIC = 1.041866
  Model addition step   4: Added term 0 1 2 -- RMS=0.063502, GCV=7.739406e-06, AIC = 0.772734
  Model addition step   5: Added term 2 0 1 -- RMS=0.050963, GCV=5.003865e-06, AIC = 0.336587
  5 polynomial terms were written for supra2 y force
supra2
  RMS fit error of the full model is: 0.016783 (normalized)
range of amplitudes: 0.473288
  Model addition step   1: Added term 0 0 0 -- RMS=0.119229, GCV=2.697454e-05, AIC = 2.021356
  Model addition step   2: Added term 0 0 2 -- RMS=0.106716, GCV=2.169163e-05, AIC = 1.803379
  Model addition step   3: Added term 0 1 1 -- RMS=0.084306, GCV=1.358927e-05, AIC = 1.335715
  Model addition step   4: Added term 2 1 1 -- RMS=0.069277, GCV=9.211135e-06, AIC = 0.946822
  Model addition step   5: Added term 0 1 0 -- RMS=0.064334, GCV=7.974073e-06, AIC = 0.802572
  Model addition step   6: Added term 2 0 2 -- RMS=0.058581, GCV=6.636938e-06, AIC = 0.618987
Change in error: 0.046278. No more terms added.
   6 polynomial terms were written for supra2 z force
supra3
  RMS fit error of the full model is: 0.004827 (normalized)
range of amplitudes: 0.245668
  Model addition step   1: Added term 0 0 0 -- RMS=0.057652, GCV=6.306942e-06, AIC = 0.568114
  Model addition step   2: Added term 0 1 1 -- RMS=0.028962, GCV=1.597667e-06, AIC = -0.805004
  Model addition step   3: Added term 0 2 0 -- RMS=0.026457, GCV=1.338297e-06, AIC = -0.982168
  Model addition step   4: Added term 1 1 0 -- RMS=0.022117, GCV=9.388306e-07, AIC = -1.336711
  4 polynomial terms were written for supra3 x force
supra3
  RMS fit error of the full model is: 0.009763 (normalized)
range of amplitudes: 0.437904
  Model addition step   1: Added term 0 0 0 -- RMS=0.084626, GCV=1.358936e-05, AIC = 1.335750
  Model addition step   2: Added term 0 2 1 -- RMS=0.042921, GCV=3.508948e-06, AIC = -0.018232
  2 polynomial terms were written for supra3 y force
supra3
  RMS fit error of the full model is: 0.010250 (normalized)
range of amplitudes: 0.446405
  Model addition step   1: Added term 0 0 0 -- RMS=0.120822, GCV=2.769987e-05, AIC = 2.047890
  Model addition step   2: Added term 0 1 1 -- RMS=0.081129, GCV=1.253692e-05, AIC = 1.255130
  Model addition step   3: Added term 0 0 2 -- RMS=0.073742, GCV=1.039718e-05, AIC = 1.067969
  Model addition step   4: Added term 1 1 0 -- RMS=0.068519, GCV=9.010721e-06, AIC = 0.924824
  Model addition step   5: Added term 0 2 1 -- RMS=0.064345, GCV=7.976679e-06, AIC = 0.802899
  Model addition step   6: Added term 1 2 0 -- RMS=0.054056, GCV=5.651201e-06, AIC = 0.458205
  Model addition step   7: Added term 1 0 3 -- RMS=0.046335, GCV=4.168122e-06, AIC = 0.153755
  Model addition step   8: Added term 3 1 0 -- RMS=0.042951, GCV=3.595288e-06, AIC = 0.005859
  8 polynomial terms were written for supra3 z force
supra4
  RMS fit error of the full model is: 0.005020 (normalized)
range of amplitudes: 0.301543
  Model addition step   1: Added term 0 0 0 -- RMS=0.064061, GCV=7.786984e-06, AIC = 0.778916
  Model addition step   2: Added term 0 2 1 -- RMS=0.032424, GCV=2.002418e-06, AIC = -0.579192
  Model addition step   3: Added term 0 2 2 -- RMS=0.029038, GCV=1.612247e-06, AIC = -0.795937
  3 polynomial terms were written for supra4 x force
supra4
  RMS fit error of the full model is: 0.008926 (normalized)
range of amplitudes: 0.497062
  Model addition step   1: Added term 0 0 0 -- RMS=0.099773, GCV=1.888905e-05, AIC = 1.665045
  Model addition step   2: Added term 0 2 1 -- RMS=0.049589, GCV=4.683907e-06, AIC = 0.270585
  2 polynomial terms were written for supra4 y force
supra4
  RMS fit error of the full model is: 0.013433 (normalized)
range of amplitudes: 0.555008
  Model addition step   1: Added term 0 0 0 -- RMS=0.147532, GCV=4.130108e-05, AIC = 2.447351
  Model addition step   2: Added term 0 1 1 -- RMS=0.095084, GCV=1.722068e-05, AIC = 1.572563
  Model addition step   3: Added term 2 1 1 -- RMS=0.085365, GCV=1.393303e-05, AIC = 1.360696
  Model addition step   4: Added term 1 0 2 -- RMS=0.080136, GCV=1.232516e-05, AIC = 1.238052
  Model addition step   5: Added term 3 0 0 -- RMS=0.072374, GCV=1.009166e-05, AIC = 1.038086
  Model addition step   6: Added term 0 2 1 -- RMS=0.064910, GCV=8.148467e-06, AIC = 0.824166
  Model addition step   7: Added term 1 0 0 -- RMS=0.060972, GCV=7.217205e-06, AIC = 0.702757
  Model addition step   8: Added term 1 3 0 -- RMS=0.052970, GCV=5.468217e-06, AIC = 0.425188
  8 polynomial terms were written for supra4 z force
subscap1
  RMS fit error of the full model is: 0.009494 (normalized)
range of amplitudes: 0.235055
  Model addition step   1: Added term 0 0 0 -- RMS=0.052572, GCV=5.244397e-06, AIC = 0.383623
  Model addition step   2: Added term 0 1 1 -- RMS=0.044080, GCV=3.700944e-06, AIC = 0.035040
  Model addition step   3: Added term 3 1 0 -- RMS=0.041151, GCV=3.237771e-06, AIC = -0.098681
Change in error: 0.043740. No more terms added.
   3 polynomial terms were written for subscap1 x force
subscap1
  RMS fit error of the full model is: 0.014661 (normalized)
range of amplitudes: 0.807600
  Model addition step   1: Added term 1 1 0 -- RMS=0.137235, GCV=3.573696e-05, AIC = 2.302648
  Model addition step   2: Added term 2 1 1 -- RMS=0.108681, GCV=2.249786e-05, AIC = 1.839872
  Model addition step   3: Added term 0 1 0 -- RMS=0.100952, GCV=1.948569e-05, AIC = 1.696114
  Model addition step   4: Added term 0 1 1 -- RMS=0.074212, GCV=1.057037e-05, AIC = 1.084464
  4 polynomial terms were written for subscap1 y force
subscap1
  RMS fit error of the full model is: 0.016780 (normalized)
range of amplitudes: 0.290303
  Model addition step   1: Added term 0 0 0 -- RMS=0.064837, GCV=7.976897e-06, AIC = 0.803012
  Model addition step   2: Added term 0 1 3 -- RMS=0.060050, GCV=6.868431e-06, AIC = 0.653388
  Model addition step   3: Added term 2 2 0 -- RMS=0.052022, GCV=5.174296e-06, AIC = 0.370137
Change in error: 0.031392. No more terms added.
   3 polynomial terms were written for subscap1 z force
subscap2
  RMS fit error of the full model is: 0.005327 (normalized)
range of amplitudes: 0.232805
  Model addition step   1: Added term 0 0 0 -- RMS=0.052892, GCV=5.308412e-06, AIC = 0.395755
  Model addition step   2: Added term 1 1 0 -- RMS=0.042924, GCV=3.509338e-06, AIC = -0.018121
  Model addition step   3: Added term 0 0 2 -- RMS=0.033755, GCV=2.178457e-06, AIC = -0.494949
  Model addition step   4: Added term 3 1 0 -- RMS=0.030557, GCV=1.792083e-06, AIC = -0.690213
Change in error: 0.032272. No more terms added.
   4 polynomial terms were written for subscap2 x force
subscap2
  RMS fit error of the full model is: 0.006556 (normalized)
range of amplitudes: 0.503158
  Model addition step   1: Added term 0 0 0 -- RMS=0.126848, GCV=3.053207e-05, AIC = 2.145240
  Model addition step   2: Added term 0 0 2 -- RMS=0.108295, GCV=2.233855e-05, AIC = 1.832766
  Model addition step   3: Added term 0 1 1 -- RMS=0.079582, GCV=1.210925e-05, AIC = 1.220404
  Model addition step   4: Added term 2 1 1 -- RMS=0.069488, GCV=9.267486e-06, AIC = 0.952921
  Model addition step   5: Added term 0 1 0 -- RMS=0.056844, GCV=6.225294e-06, AIC = 0.554997
  Model addition step   6: Added term 0 1 2 -- RMS=0.047442, GCV=4.352815e-06, AIC = 0.197159
  6 polynomial terms were written for subscap2 y force
subscap2
  RMS fit error of the full model is: 0.014429 (normalized)
range of amplitudes: 0.361292
  Model addition step   1: Added term 0 0 0 -- RMS=0.064604, GCV=7.919698e-06, AIC = 0.795816
  Model addition step   2: Added term 1 1 0 -- RMS=0.061022, GCV=7.092727e-06, AIC = 0.685522
  Model addition step   3: Added term 0 2 0 -- RMS=0.052294, GCV=5.228713e-06, AIC = 0.380599
  Model addition step   4: Added term 0 1 1 -- RMS=0.047562, GCV=4.341670e-06, AIC = 0.194668
Change in error: 0.040191. No more terms added.
   4 polynomial terms were written for subscap2 z force
subscap3
  RMS fit error of the full model is: 0.003242 (normalized)
range of amplitudes: 0.101482
  Model addition step   1: Added term 0 0 0 -- RMS=0.025014, GCV=1.187310e-06, AIC = -1.101847
  Model addition step   2: Added term 0 1 1 -- RMS=0.015778, GCV=4.742026e-07, AIC = -2.019669
  Model addition step   3: Added term 0 1 2 -- RMS=0.011853, GCV=2.686190e-07, AIC = -2.588027
Change in error: 0.038706. No more terms added.
   3 polynomial terms were written for subscap3 x force
subscap3
  RMS fit error of the full model is: 0.008084 (normalized)
range of amplitudes: 0.490167
  Model addition step   1: Added term 0 1 1 -- RMS=0.085505, GCV=1.387292e-05, AIC = 1.356401
  Model addition step   2: Added term 0 1 3 -- RMS=0.057325, GCV=6.259278e-06, AIC = 0.560517
  Model addition step   3: Added term 0 0 2 -- RMS=0.043626, GCV=3.638868e-06, AIC = 0.018107
  3 polynomial terms were written for subscap3 y force
subscap3
  RMS fit error of the full model is: 0.010045 (normalized)
range of amplitudes: 0.264634
  Model addition step   1: Added term 0 0 0 -- RMS=0.058445, GCV=6.481668e-06, AIC = 0.595441
  Model addition step   2: Added term 0 1 1 -- RMS=0.044000, GCV=3.687544e-06, AIC = 0.031413
  Model addition step   3: Added term 1 2 1 -- RMS=0.031275, GCV=1.870163e-06, AIC = -0.647540
Change in error: 0.033190. No more terms added.
   3 polynomial terms were written for subscap3 z force
subscap4
  RMS fit error of the full model is: 0.019351 (normalized)
range of amplitudes: 0.260772
  Model addition step   1: Added term 0 0 0 -- RMS=0.051643, GCV=5.060609e-06, AIC = 0.347950
  Model addition step   2: Added term 1 1 0 -- RMS=0.045949, GCV=4.021497e-06, AIC = 0.118106
  Model addition step   3: Added term 0 1 3 -- RMS=0.038533, GCV=2.838946e-06, AIC = -0.230133
Change in error: 0.043490. No more terms added.
   3 polynomial terms were written for subscap4 x force
subscap4
  RMS fit error of the full model is: 0.035035 (normalized)
range of amplitudes: 0.586707
  Model addition step   1: Added term 0 0 0 -- RMS=0.173583, GCV=5.717418e-05, AIC = 2.772565
  Model addition step   2: Added term 1 1 0 -- RMS=0.098064, GCV=1.831681e-05, AIC = 1.634271
  Model addition step   3: Added term 1 1 2 -- RMS=0.088330, GCV=1.491752e-05, AIC = 1.428971
  Model addition step   4: Added term 0 1 1 -- RMS=0.064575, GCV=8.003301e-06, AIC = 0.806263
  Model addition step   5: Added term 2 0 0 -- RMS=0.058152, GCV=6.515230e-06, AIC = 0.600519
  5 polynomial terms were written for subscap4 y force
subscap4
  RMS fit error of the full model is: 0.042618 (normalized)
range of amplitudes: 0.548199
  Model addition step   1: Added term 0 0 0 -- RMS=0.107721, GCV=2.201835e-05, AIC = 1.818339
  Model addition step   2: Added term 0 1 1 -- RMS=0.100992, GCV=1.942713e-05, AIC = 1.693123
  Model addition step   3: Added term 1 1 0 -- RMS=0.089144, GCV=1.519386e-05, AIC = 1.447326
  Model addition step   4: Added term 0 2 2 -- RMS=0.082259, GCV=1.298692e-05, AIC = 1.290351
Change in error: 0.014524. No more terms added.
   4 polynomial terms were written for subscap4 z force
subscap5
  RMS fit error of the full model is: 0.024224 (normalized)
range of amplitudes: 0.311741
  Model addition step   1: Added term 0 0 0 -- RMS=0.077670, GCV=1.144697e-05, AIC = 1.164188
  Model addition step   2: Added term 1 1 0 -- RMS=0.067911, GCV=8.784533e-06, AIC = 0.899444
  Model addition step   3: Added term 1 1 2 -- RMS=0.060190, GCV=6.926714e-06, AIC = 0.661820
  Model addition step   4: Added term 0 0 2 -- RMS=0.055761, GCV=5.967649e-06, AIC = 0.512762
Change in error: 0.019948. No more terms added.
   4 polynomial terms were written for subscap5 x force
subscap5
  RMS fit error of the full model is: 0.041190 (normalized)
range of amplitudes: 0.590346
  Model addition step   1: Added term 0 0 0 -- RMS=0.176057, GCV=5.881576e-05, AIC = 2.800873
  Model addition step   2: Added term 1 1 0 -- RMS=0.106799, GCV=2.172545e-05, AIC = 1.804936
  Model addition step   3: Added term 0 1 2 -- RMS=0.098051, GCV=1.838196e-05, AIC = 1.637804
  Model addition step   4: Added term 2 0 0 -- RMS=0.090570, GCV=1.574352e-05, AIC = 1.482838
  Model addition step   5: Added term 0 1 1 -- RMS=0.085497, GCV=1.408290e-05, AIC = 1.371337
  Model addition step   6: Added term 1 1 2 -- RMS=0.070982, GCV=9.744246e-06, AIC = 1.003014
Change in error: 0.031178. No more terms added.
   6 polynomial terms were written for subscap5 y force
subscap5
  RMS fit error of the full model is: 0.047676 (normalized)
range of amplitudes: 0.578610
  Model addition step   1: Added term 0 0 0 -- RMS=0.143131, GCV=3.887348e-05, AIC = 2.386775
  Model addition step   2: Added term 0 1 1 -- RMS=0.129623, GCV=3.200364e-05, AIC = 2.192302
  Model addition step   3: Added term 1 1 0 -- RMS=0.119723, GCV=2.740551e-05, AIC = 2.037178
  Model addition step   4: Added term 0 1 2 -- RMS=0.112564, GCV=2.431844e-05, AIC = 1.917644
Change in error: 0.018604. No more terms added.
   4 polynomial terms were written for subscap5 z force
subscap6
  RMS fit error of the full model is: 0.016368 (normalized)
range of amplitudes: 0.297370
  Model addition step   1: Added term 0 0 0 -- RMS=0.078677, GCV=1.174588e-05, AIC = 1.189965
  Model addition step   2: Added term 1 1 0 -- RMS=0.066206, GCV=8.348886e-06, AIC = 0.848580
  Model addition step   3: Added term 1 1 2 -- RMS=0.053075, GCV=5.385952e-06, AIC = 0.410228
  Model addition step   4: Added term 0 1 0 -- RMS=0.050240, GCV=4.844427e-06, AIC = 0.304238
Change in error: 0.048204. No more terms added.
   4 polynomial terms were written for subscap6 x force
subscap6
  RMS fit error of the full model is: 0.026638 (normalized)
range of amplitudes: 0.481002
  Model addition step   1: Added term 0 0 0 -- RMS=0.124852, GCV=2.957848e-05, AIC = 2.113510
  Model addition step   2: Added term 1 1 0 -- RMS=0.080997, GCV=1.249602e-05, AIC = 1.251862
  Model addition step   3: Added term 0 2 2 -- RMS=0.067289, GCV=8.657066e-06, AIC = 0.884810
  Model addition step   4: Added term 1 0 2 -- RMS=0.062376, GCV=7.467489e-06, AIC = 0.736968
  Model addition step   5: Added term 0 1 0 -- RMS=0.058163, GCV=6.517655e-06, AIC = 0.600891
Change in error: 0.045933. No more terms added.
   5 polynomial terms were written for subscap6 y force
subscap6
  RMS fit error of the full model is: 0.033538 (normalized)
range of amplitudes: 0.480746
  Model addition step   1: Added term 0 0 0 -- RMS=0.093886, GCV=1.672587e-05, AIC = 1.543419
  Model addition step   2: Added term 0 1 3 -- RMS=0.087809, GCV=1.468630e-05, AIC = 1.413367
  Model addition step   3: Added term 2 2 0 -- RMS=0.081843, GCV=1.280687e-05, AIC = 1.276415
Change in error: 0.016042. No more terms added.
   3 polynomial terms were written for subscap6 z force
subscap7
  RMS fit error of the full model is: 0.009853 (normalized)
range of amplitudes: 0.312816
  Model addition step   1: Added term 0 0 0 -- RMS=0.083536, GCV=1.324150e-05, AIC = 1.309818
  Model addition step   2: Added term 1 1 0 -- RMS=0.067918, GCV=8.786256e-06, AIC = 0.899641
  Model addition step   3: Added term 1 1 2 -- RMS=0.049255, GCV=4.638590e-06, AIC = 0.260844
  Model addition step   4: Added term 0 1 0 -- RMS=0.046304, GCV=4.115092e-06, AIC = 0.141070
  Model addition step   5: Added term 0 0 1 -- RMS=0.043728, GCV=3.683953e-06, AIC = 0.030363
  Model addition step   6: Added term 2 0 1 -- RMS=0.040061, GCV=3.103831e-06, AIC = -0.141026
Change in error: 0.043570. No more terms added.
   6 polynomial terms were written for subscap7 x force
subscap7
  RMS fit error of the full model is: 0.015210 (normalized)
range of amplitudes: 0.441838
  Model addition step   1: Added term 0 0 0 -- RMS=0.103161, GCV=2.019402e-05, AIC = 1.731849
  Model addition step   2: Added term 1 1 0 -- RMS=0.072882, GCV=1.011762e-05, AIC = 1.040730
  Model addition step   3: Added term 1 1 2 -- RMS=0.052346, GCV=5.239018e-06, AIC = 0.382568
  Model addition step   4: Added term 0 1 0 -- RMS=0.043952, GCV=3.707584e-06, AIC = 0.036789
  4 polynomial terms were written for subscap7 y force
subscap7
  RMS fit error of the full model is: 0.017493 (normalized)
range of amplitudes: 0.425185
  Model addition step   1: Added term 0 0 0 -- RMS=0.064898, GCV=7.991919e-06, AIC = 0.804894
Change in error: 0.042028. No more terms added.
   1 polynomial terms were written for subscap7 z force
subscap8
  RMS fit error of the full model is: 0.016735 (normalized)
range of amplitudes: 0.452772
  Model addition step   1: Added term 0 0 0 -- RMS=0.115648, GCV=2.537837e-05, AIC = 1.960360
  Model addition step   2: Added term 1 1 0 -- RMS=0.095972, GCV=1.754393e-05, AIC = 1.591160
  Model addition step   3: Added term 1 1 2 -- RMS=0.069852, GCV=9.329211e-06, AIC = 0.959584
  Model addition step   4: Added term 0 1 0 -- RMS=0.065552, GCV=8.247321e-06, AIC = 0.836297
Change in error: 0.046854. No more terms added.
   4 polynomial terms were written for subscap8 x force
subscap8
  RMS fit error of the full model is: 0.026722 (normalized)
range of amplitudes: 0.676933
  Model addition step   1: Added term 0 0 0 -- RMS=0.162228, GCV=4.993918e-05, AIC = 2.637269
  Model addition step   2: Added term 1 1 0 -- RMS=0.109228, GCV=2.272485e-05, AIC = 1.849911
  Model addition step   3: Added term 1 1 1 -- RMS=0.083177, GCV=1.322778e-05, AIC = 1.308754
  Model addition step   4: Added term 1 0 2 -- RMS=0.077379, GCV=1.149164e-05, AIC = 1.168029
  Model addition step   5: Added term 3 0 0 -- RMS=0.070701, GCV=9.630397e-06, AIC = 0.991301
  Model addition step   6: Added term 3 1 0 -- RMS=0.066884, GCV=8.651725e-06, AIC = 0.884095
  6 polynomial terms were written for subscap8 y force
subscap8
  RMS fit error of the full model is: 0.029170 (normalized)
range of amplitudes: 0.658524
  Model addition step   1: Added term 0 0 0 -- RMS=0.097741, GCV=1.812772e-05, AIC = 1.623905
  Model addition step   2: Added term 0 1 3 -- RMS=0.092147, GCV=1.617317e-05, AIC = 1.509806
  Model addition step   3: Added term 2 2 0 -- RMS=0.081859, GCV=1.281212e-05, AIC = 1.276826
Change in error: 0.043289. No more terms added.
   3 polynomial terms were written for subscap8 z force
subscap9
  RMS fit error of the full model is: 0.008021 (normalized)
range of amplitudes: 0.358847
  Model addition step   1: Added term 0 0 0 -- RMS=0.097436, GCV=1.801486e-05, AIC = 1.617660
  Model addition step   2: Added term 1 1 0 -- RMS=0.082723, GCV=1.303428e-05, AIC = 1.294035
  Model addition step   3: Added term 1 1 2 -- RMS=0.054249, GCV=5.626874e-06, AIC = 0.453988
  Model addition step   4: Added term 0 0 1 -- RMS=0.051355, GCV=5.061789e-06, AIC = 0.348129
  Model addition step   5: Added term 2 0 1 -- RMS=0.045650, GCV=4.014921e-06, AIC = 0.116394
  Model addition step   6: Added term 2 1 0 -- RMS=0.042779, GCV=3.539230e-06, AIC = -0.009754
Change in error: 0.030790. No more terms added.
   6 polynomial terms were written for subscap9 x force
subscap9
  RMS fit error of the full model is: 0.011698 (normalized)
range of amplitudes: 0.404905
  Model addition step   1: Added term 0 0 0 -- RMS=0.097159, GCV=1.791236e-05, AIC = 1.611954
  Model addition step   2: Added term 1 1 0 -- RMS=0.079689, GCV=1.209574e-05, AIC = 1.219305
  Model addition step   3: Added term 1 1 2 -- RMS=0.048840, GCV=4.560791e-06, AIC = 0.243930
  Model addition step   4: Added term 2 2 0 -- RMS=0.041291, GCV=3.272214e-06, AIC = -0.088124
  Model addition step   5: Added term 0 0 1 -- RMS=0.039089, GCV=2.943747e-06, AIC = -0.193940
  5 polynomial terms were written for subscap9 y force
subscap9
  RMS fit error of the full model is: 0.010443 (normalized)
range of amplitudes: 0.378473
  Model addition step   1: Added term 0 0 0 -- RMS=0.059764, GCV=6.777380e-06, AIC = 0.640053
  Model addition step   2: Added term 0 3 0 -- RMS=0.055732, GCV=5.916193e-06, AIC = 0.504145
Change in error: 0.044819. No more terms added.
   2 polynomial terms were written for subscap9 z force
subscap10
  RMS fit error of the full model is: 0.009154 (normalized)
range of amplitudes: 0.530392
  Model addition step   1: Added term 0 0 0 -- RMS=0.130710, GCV=3.241948e-05, AIC = 2.205222
  Model addition step   2: Added term 1 1 0 -- RMS=0.103747, GCV=2.050154e-05, AIC = 1.746952
  Model addition step   3: Added term 2 1 1 -- RMS=0.062372, GCV=7.438116e-06, AIC = 0.733052
  Model addition step   4: Added term 1 0 1 -- RMS=0.058213, GCV=6.503934e-06, AIC = 0.598816
  Model addition step   5: Added term 0 0 2 -- RMS=0.054546, GCV=5.732186e-06, AIC = 0.472473
  Model addition step   6: Added term 3 0 0 -- RMS=0.051465, GCV=5.122457e-06, AIC = 0.359971
  6 polynomial terms were written for subscap10 x force
subscap10
  RMS fit error of the full model is: 0.011572 (normalized)
range of amplitudes: 0.608993
  Model addition step   1: Added term 0 0 0 -- RMS=0.124735, GCV=2.952314e-05, AIC = 2.111637
  Model addition step   2: Added term 0 1 2 -- RMS=0.101011, GCV=1.943424e-05, AIC = 1.693489
  Model addition step   3: Added term 1 1 0 -- RMS=0.068213, GCV=8.896520e-06, AIC = 0.912094
  Model addition step   4: Added term 0 1 3 -- RMS=0.054282, GCV=5.655165e-06, AIC = 0.458978
  4 polynomial terms were written for subscap10 y force
subscap10
  RMS fit error of the full model is: 0.013134 (normalized)
range of amplitudes: 0.595282
  Model addition step   1: Added term 0 0 0 -- RMS=0.140925, GCV=3.768466e-05, AIC = 2.355716
  Model addition step   2: Added term 1 1 0 -- RMS=0.103515, GCV=2.040987e-05, AIC = 1.742470
  Model addition step   3: Added term 2 1 1 -- RMS=0.073878, GCV=1.043556e-05, AIC = 1.071653
  Model addition step   4: Added term 0 3 0 -- RMS=0.066977, GCV=8.609738e-06, AIC = 0.879303
Change in error: 0.048140. No more terms added.
   4 polynomial terms were written for subscap10 z force
subscap11
  RMS fit error of the full model is: 0.013676 (normalized)
range of amplitudes: 0.580262
  Model addition step   1: Added term 0 0 0 -- RMS=0.138285, GCV=3.628575e-05, AIC = 2.317888
  Model addition step   2: Added term 1 1 0 -- RMS=0.099275, GCV=1.877202e-05, AIC = 1.658820
  Model addition step   3: Added term 2 1 1 -- RMS=0.055791, GCV=5.951373e-06, AIC = 0.510056
  3 polynomial terms were written for subscap11 x force
subscap11
  RMS fit error of the full model is: 0.018779 (normalized)
range of amplitudes: 0.999802
  Model addition step   1: Added term 0 2 2 -- RMS=0.114970, GCV=2.508173e-05, AIC = 1.948602
  Model addition step   2: Added term 1 1 0 -- RMS=0.087202, GCV=1.448401e-05, AIC = 1.399497
  2 polynomial terms were written for subscap11 y force
subscap11
  RMS fit error of the full model is: 0.017493 (normalized)
range of amplitudes: 1.071374
  Model addition step   1: Added term 0 0 0 -- RMS=0.240043, GCV=1.093369e-04, AIC = 3.420897
  Model addition step   2: Added term 1 2 0 -- RMS=0.123519, GCV=2.906066e-05, AIC = 2.095837
  Model addition step   3: Added term 2 1 1 -- RMS=0.101741, GCV=1.979143e-05, AIC = 1.711683
  3 polynomial terms were written for subscap11 z force
bicl
  RMS fit error of the full model is: 0.021999 (normalized)
range of amplitudes: 1.422659
  Model addition step   1: Added term 0 0 0 0 0 -- RMS=0.259093, GCV=5.076693e-06, AIC = 6.788878
  Model addition step   2: Added term 2 0 0 0 0 -- RMS=0.190571, GCV=2.746955e-06, AIC = 6.174711
  Model addition step   3: Added term 4 0 0 0 0 -- RMS=0.169264, GCV=2.167356e-06, AIC = 5.937726
Change in error: 0.044721. No more terms added.
   3 polynomial terms were written for bicl x force
bicl
  RMS fit error of the full model is: 0.023162 (normalized)
range of amplitudes: 1.267864
  Model addition step   1: Added term 0 0 0 0 0 -- RMS=0.231246, GCV=4.044076e-06, AIC = 6.561471
  Model addition step   2: Added term 0 1 2 0 0 -- RMS=0.082967, GCV=5.206521e-07, AIC = 4.511545
  2 polynomial terms were written for bicl y force
bicl
  RMS fit error of the full model is: 0.030804 (normalized)
range of amplitudes: 2.184534
  Model addition step   1: Added term 0 1 1 0 0 -- RMS=0.297982, GCV=6.715072e-06, AIC = 7.068572
  Model addition step   2: Added term 2 1 1 0 0 -- RMS=0.213958, GCV=3.462539e-06, AIC = 6.406220
  2 polynomial terms were written for bicl z force
bicb1
  RMS fit error of the full model is: 0.011246 (normalized)
range of amplitudes: 1.339961
  Model addition step   1: Added term 0 0 0 0 0 -- RMS=0.250329, GCV=4.739077e-06, AIC = 6.720060
  Model addition step   2: Added term 2 0 0 0 0 -- RMS=0.168711, GCV=2.152889e-06, AIC = 5.931029
  Model addition step   3: Added term 1 1 2 0 0 -- RMS=0.145558, GCV=1.602775e-06, AIC = 5.635954
  Model addition step   4: Added term 0 1 0 0 0 -- RMS=0.127230, GCV=1.224738e-06, AIC = 5.366945
  4 polynomial terms were written for bicb1 x force
bicb1
  RMS fit error of the full model is: 0.007638 (normalized)
range of amplitudes: 0.816614
  Model addition step   1: Added term 0 0 0 0 0 -- RMS=0.183846, GCV=2.556104e-06, AIC = 6.102702
  Model addition step   2: Added term 0 2 0 0 0 -- RMS=0.048693, GCV=1.793366e-07, AIC = 3.445727
  2 polynomial terms were written for bicb1 y force
bicb1
  RMS fit error of the full model is: 0.009319 (normalized)
range of amplitudes: 1.869058
  Model addition step   1: Added term 1 1 0 0 0 -- RMS=0.137981, GCV=1.439820e-06, AIC = 5.528736
  1 polynomial terms were written for bicb1 z force
bicb2
  RMS fit error of the full model is: 0.011246 (normalized)
range of amplitudes: 1.339961
  Model addition step   1: Added term 0 0 0 0 0 -- RMS=0.250329, GCV=4.739077e-06, AIC = 6.720060
  Model addition step   2: Added term 2 0 0 0 0 -- RMS=0.168711, GCV=2.152889e-06, AIC = 5.931029
  Model addition step   3: Added term 1 1 2 0 0 -- RMS=0.145558, GCV=1.602775e-06, AIC = 5.635954
  Model addition step   4: Added term 0 1 0 0 0 -- RMS=0.127230, GCV=1.224738e-06, AIC = 5.366945
  4 polynomial terms were written for bicb2 x force
bicb2
  RMS fit error of the full model is: 0.007638 (normalized)
range of amplitudes: 0.816614
  Model addition step   1: Added term 0 0 0 0 0 -- RMS=0.183846, GCV=2.556104e-06, AIC = 6.102702
  Model addition step   2: Added term 0 2 0 0 0 -- RMS=0.048693, GCV=1.793366e-07, AIC = 3.445727
  2 polynomial terms were written for bicb2 y force
bicb2
  RMS fit error of the full model is: 0.009319 (normalized)
range of amplitudes: 1.869058
  Model addition step   1: Added term 1 1 0 0 0 -- RMS=0.137981, GCV=1.439820e-06, AIC = 5.528736
  1 polynomial terms were written for bicb2 z force
triclong1
  RMS fit error of the full model is: 0.012262 (normalized)
range of amplitudes: 1.307809
  Model addition step   1: Added term 0 0 0 0 -- RMS=0.263180, GCV=2.620653e-05, AIC = 5.211351
  Model addition step   2: Added term 2 0 0 0 -- RMS=0.169040, GCV=1.081953e-05, AIC = 4.326695
  Model addition step   3: Added term 4 0 0 0 -- RMS=0.149749, GCV=8.497393e-06, AIC = 4.085100
  Model addition step   4: Added term 0 1 0 0 -- RMS=0.128648, GCV=6.276165e-06, AIC = 3.782099
  4 polynomial terms were written for triclong1 x force
triclong1
  RMS fit error of the full model is: 0.002295 (normalized)
range of amplitudes: 1.078518
  Model addition step   1: Added term 0 0 0 0 -- RMS=0.222694, GCV=1.876372e-05, AIC = 4.877267
  Model addition step   2: Added term 0 2 0 0 -- RMS=0.023588, GCV=2.106777e-07, AIC = 0.387916
  2 polynomial terms were written for triclong1 y force
triclong1
  RMS fit error of the full model is: 0.007285 (normalized)
range of amplitudes: 1.882983
  Model addition step   1: Added term 1 1 0 0 -- RMS=0.126736, GCV=6.077218e-06, AIC = 3.749889
  1 polynomial terms were written for triclong1 z force
triclong2
  RMS fit error of the full model is: 0.010680 (normalized)
range of amplitudes: 1.293734
  Model addition step   1: Added term 0 0 0 0 -- RMS=0.260457, GCV=2.566706e-05, AIC = 5.190551
  Model addition step   2: Added term 2 0 0 0 -- RMS=0.168223, GCV=1.071520e-05, AIC = 4.317005
  Model addition step   3: Added term 4 0 0 0 -- RMS=0.149317, GCV=8.448474e-06, AIC = 4.079327
  Model addition step   4: Added term 0 1 0 0 -- RMS=0.128272, GCV=6.239537e-06, AIC = 3.776246
  4 polynomial terms were written for triclong2 x force
triclong2
  RMS fit error of the full model is: 0.001342 (normalized)
range of amplitudes: 1.045784
  Model addition step   1: Added term 0 0 0 0 -- RMS=0.226822, GCV=1.946587e-05, AIC = 4.914005
  Model addition step   2: Added term 0 2 0 0 -- RMS=0.031400, GCV=3.733398e-07, AIC = 0.960075
  2 polynomial terms were written for triclong2 y force
triclong2
  RMS fit error of the full model is: 0.008175 (normalized)
range of amplitudes: 1.865825
  Model addition step   1: Added term 1 1 0 0 -- RMS=0.123734, GCV=5.792705e-06, AIC = 3.701941
  1 polynomial terms were written for triclong2 z force
triclong3
  RMS fit error of the full model is: 0.011696 (normalized)
range of amplitudes: 1.291051
  Model addition step   1: Added term 0 0 0 0 -- RMS=0.260501, GCV=2.567563e-05, AIC = 5.190884
  Model addition step   2: Added term 2 0 0 0 -- RMS=0.168737, GCV=1.078078e-05, AIC = 4.323106
  Model addition step   3: Added term 4 0 0 0 -- RMS=0.149845, GCV=8.508305e-06, AIC = 4.086384
  Model addition step   4: Added term 0 1 0 0 -- RMS=0.128578, GCV=6.269305e-06, AIC = 3.781005
  4 polynomial terms were written for triclong3 x force
triclong3
  RMS fit error of the full model is: 0.001360 (normalized)
range of amplitudes: 1.035022
  Model addition step   1: Added term 0 0 0 0 -- RMS=0.221125, GCV=1.850035e-05, AIC = 4.863132
  Model addition step   2: Added term 0 2 0 0 -- RMS=0.025256, GCV=2.415171e-07, AIC = 0.524526
  2 polynomial terms were written for triclong3 y force
triclong3
  RMS fit error of the full model is: 0.007478 (normalized)
range of amplitudes: 1.870797
  Model addition step   1: Added term 1 1 0 0 -- RMS=0.121495, GCV=5.584929e-06, AIC = 3.665414
  1 polynomial terms were written for triclong3 z force
triclong4
  RMS fit error of the full model is: 0.010582 (normalized)
range of amplitudes: 1.289948
  Model addition step   1: Added term 0 0 0 0 -- RMS=0.259382, GCV=2.545562e-05, AIC = 5.182278
  Model addition step   2: Added term 2 0 0 0 -- RMS=0.167639, GCV=1.064096e-05, AIC = 4.310052
  Model addition step   3: Added term 4 0 0 0 -- RMS=0.148829, GCV=8.393317e-06, AIC = 4.072777
  Model addition step   4: Added term 0 1 0 0 -- RMS=0.127932, GCV=6.206469e-06, AIC = 3.770932
  4 polynomial terms were written for triclong4 x force
triclong4
  RMS fit error of the full model is: 0.001326 (normalized)
range of amplitudes: 1.040877
  Model addition step   1: Added term 0 0 0 0 -- RMS=0.226796, GCV=1.946146e-05, AIC = 4.913778
  Model addition step   2: Added term 0 2 0 0 -- RMS=0.032348, GCV=3.962060e-07, AIC = 1.019521
  2 polynomial terms were written for triclong4 y force
triclong4
  RMS fit error of the full model is: 0.008113 (normalized)
range of amplitudes: 1.863740
  Model addition step   1: Added term 1 1 0 0 -- RMS=0.123942, GCV=5.812220e-06, AIC = 3.705305
  1 polynomial terms were written for triclong4 z force
latdorsi1
  RMS fit error of the full model is: 0.000112 (normalized)
range of amplitudes: 0.085006
  Model addition step   1: Added term 0 0 0 0 0 0 0 0 0 -- RMS=0.012352, GCV=2.894869e-07, AIC = -2.513182
  Model addition step   2: Added term 0 0 0 0 0 0 2 0 2 -- RMS=0.009441, GCV=1.697582e-07, AIC = -3.046928
  Model addition step   3: Added term 0 0 0 1 0 0 1 0 2 -- RMS=0.007723, GCV=1.140437e-07, AIC = -3.444740
  3 polynomial terms were written for latdorsi1 x force
latdorsi1
  RMS fit error of the full model is: 0.000424 (normalized)
range of amplitudes: 0.311943
  Model addition step   1: Added term 0 0 0 0 0 1 0 0 0 -- RMS=0.059900, GCV=6.808410e-06, AIC = 0.644621
  Model addition step   2: Added term 0 0 0 0 0 0 0 0 0 -- RMS=0.031595, GCV=1.901364e-06, AIC = -0.630977
  Model addition step   3: Added term 1 0 0 2 0 0 0 0 0 -- RMS=0.024862, GCV=1.181820e-06, AIC = -1.106510
  3 polynomial terms were written for latdorsi1 y force
latdorsi1
  RMS fit error of the full model is: 0.000675 (normalized)
range of amplitudes: 0.311839
  Model addition step   1: Added term 0 0 0 0 0 0 0 0 0 -- RMS=0.045349, GCV=3.902387e-06, AIC = 0.088051
  Model addition step   2: Added term 0 1 0 0 0 0 2 0 1 -- RMS=0.036104, GCV=2.482763e-06, AIC = -0.364176
  Model addition step   3: Added term 0 0 2 0 0 1 1 0 0 -- RMS=0.032046, GCV=1.963514e-06, AIC = -0.598830
  Model addition step   4: Added term 0 0 0 0 0 0 0 1 1 -- RMS=0.026524, GCV=1.350204e-06, AIC = -0.973335
  4 polynomial terms were written for latdorsi1 z force
latdorsi2
  RMS fit error of the full model is: 0.000061 (normalized)
range of amplitudes: 0.094034
  Model addition step   1: Added term 0 0 0 0 0 0 0 0 0 -- RMS=0.019529, GCV=7.236790e-07, AIC = -1.596945
  Model addition step   2: Added term 1 0 0 3 0 0 0 0 0 -- RMS=0.011797, GCV=2.650734e-07, AIC = -2.601296
  Model addition step   3: Added term 0 0 0 0 0 0 2 0 2 -- RMS=0.009178, GCV=1.610613e-07, AIC = -3.099536
  3 polynomial terms were written for latdorsi2 x force
latdorsi2
  RMS fit error of the full model is: 0.000373 (normalized)
range of amplitudes: 0.316053
  Model addition step   1: Added term 0 0 0 0 0 0 0 0 0 -- RMS=0.076504, GCV=1.110596e-05, AIC = 1.133945
  Model addition step   2: Added term 1 0 0 3 0 0 0 0 0 -- RMS=0.028291, GCV=1.524536e-06, AIC = -0.851858
  2 polynomial terms were written for latdorsi2 y force
latdorsi2
  RMS fit error of the full model is: 0.000581 (normalized)
range of amplitudes: 0.259045
  Model addition step   1: Added term 0 0 0 0 0 0 0 0 0 -- RMS=0.037611, GCV=2.684176e-06, AIC = -0.286163
  Model addition step   2: Added term 0 0 0 1 1 1 1 0 0 -- RMS=0.033526, GCV=2.140861e-06, AIC = -0.512340
  Model addition step   3: Added term 0 1 0 0 0 0 0 0 1 -- RMS=0.025055, GCV=1.200275e-06, AIC = -1.091015
  3 polynomial terms were written for latdorsi2 z force
latdorsi3
  RMS fit error of the full model is: 0.000060 (normalized)
range of amplitudes: 0.122857
  Model addition step   1: Added term 0 0 0 0 0 0 0 0 0 -- RMS=0.030125, GCV=1.722032e-06, AIC = -0.730032
  Model addition step   2: Added term 1 0 0 3 0 0 0 0 0 -- RMS=0.013080, GCV=3.258838e-07, AIC = -2.394762
  Model addition step   3: Added term 0 0 0 0 0 0 2 0 2 -- RMS=0.010458, GCV=2.090935e-07, AIC = -2.838540
  3 polynomial terms were written for latdorsi3 x force
latdorsi3
  RMS fit error of the full model is: 0.000140 (normalized)
range of amplitudes: 0.331619
  Model addition step   1: Added term 0 0 0 0 0 0 0 0 0 -- RMS=0.082538, GCV=1.292698e-05, AIC = 1.285779
  Model addition step   2: Added term 1 0 0 3 0 0 0 0 0 -- RMS=0.028197, GCV=1.514390e-06, AIC = -0.858535
  2 polynomial terms were written for latdorsi3 y force
latdorsi3
  RMS fit error of the full model is: 0.000239 (normalized)
range of amplitudes: 0.207112
  Model addition step   1: Added term 0 0 0 1 0 0 0 0 0 -- RMS=0.032894, GCV=2.053125e-06, AIC = -0.554174
  Model addition step   2: Added term 0 0 0 2 0 1 1 0 0 -- RMS=0.029757, GCV=1.686643e-06, AIC = -0.750808
  Model addition step   3: Added term 0 0 0 0 0 0 0 1 1 -- RMS=0.022326, GCV=9.530140e-07, AIC = -1.321692
  Model addition step   4: Added term 0 0 1 1 0 0 0 1 1 -- RMS=0.020564, GCV=8.115876e-07, AIC = -1.482354
  4 polynomial terms were written for latdorsi3 z force
latdorsi4
  RMS fit error of the full model is: 0.000054 (normalized)
range of amplitudes: 0.188050
  Model addition step   1: Added term 0 0 0 1 0 0 0 0 0 -- RMS=0.041194, GCV=3.219927e-06, AIC = -0.104178
  Model addition step   2: Added term 0 0 1 2 0 0 1 0 0 -- RMS=0.018393, GCV=6.443968e-07, AIC = -1.712989
  2 polynomial terms were written for latdorsi4 x force
latdorsi4
  RMS fit error of the full model is: 0.000088 (normalized)
range of amplitudes: 0.347335
  Model addition step   1: Added term 0 0 0 0 0 0 0 0 0 -- RMS=0.087760, GCV=1.461425e-05, AIC = 1.408460
  Model addition step   2: Added term 1 0 0 3 0 0 0 0 0 -- RMS=0.026385, GCV=1.326011e-06, AIC = -0.991373
  2 polynomial terms were written for latdorsi4 y force
latdorsi4
  RMS fit error of the full model is: 0.000225 (normalized)
range of amplitudes: 0.218328
  Model addition step   1: Added term 0 1 0 3 0 0 0 0 0 -- RMS=0.026499, GCV=1.332402e-06, AIC = -0.986554
  Model addition step   2: Added term 0 0 0 2 0 1 1 0 0 -- RMS=0.022533, GCV=9.671279e-07, AIC = -1.306973
  Model addition step   3: Added term 0 0 0 0 0 0 0 1 1 -- RMS=0.018283, GCV=6.390945e-07, AIC = -1.721269
  3 polynomial terms were written for latdorsi4 z force
latdorsi5
  RMS fit error of the full model is: 0.000077 (normalized)
range of amplitudes: 0.259938
  Model addition step   1: Added term 0 0 0 1 0 0 0 0 0 -- RMS=0.053593, GCV=5.450115e-06, AIC = 0.422099
  Model addition step   2: Added term 2 0 0 2 0 0 0 0 0 -- RMS=0.027911, GCV=1.483875e-06, AIC = -0.878891
  Model addition step   3: Added term 0 0 0 1 0 0 1 1 1 -- RMS=0.020422, GCV=7.974146e-07, AIC = -1.499947
  3 polynomial terms were written for latdorsi5 x force
latdorsi5
  RMS fit error of the full model is: 0.000082 (normalized)
range of amplitudes: 0.297805
  Model addition step   1: Added term 0 0 0 0 0 0 0 0 0 -- RMS=0.076304, GCV=1.104790e-05, AIC = 1.128703
  Model addition step   2: Added term 0 0 1 2 0 0 0 0 0 -- RMS=0.029367, GCV=1.642637e-06, AIC = -0.777245
  2 polynomial terms were written for latdorsi5 y force
latdorsi5
  RMS fit error of the full model is: 0.000263 (normalized)
range of amplitudes: 0.235230
  Model addition step   1: Added term 0 0 0 3 1 0 0 0 0 -- RMS=0.039888, GCV=3.019058e-06, AIC = -0.168592
  Model addition step   2: Added term 0 0 0 2 1 0 0 0 0 -- RMS=0.024865, GCV=1.177653e-06, AIC = -1.110025
  Model addition step   3: Added term 0 0 0 0 1 1 2 0 0 -- RMS=0.022528, GCV=9.703146e-07, AIC = -1.303701
  3 polynomial terms were written for latdorsi5 z force
latdorsi6
  RMS fit error of the full model is: 0.000095 (normalized)
range of amplitudes: 0.298302
  Model addition step   1: Added term 0 0 0 1 0 0 0 0 0 -- RMS=0.060766, GCV=7.006629e-06, AIC = 0.673319
  Model addition step   2: Added term 1 0 1 1 0 0 0 0 0 -- RMS=0.035631, GCV=2.418246e-06, AIC = -0.390505
  Model addition step   3: Added term 0 0 0 1 0 0 0 2 0 -- RMS=0.026669, GCV=1.359835e-06, AIC = -0.966203
  3 polynomial terms were written for latdorsi6 x force
latdorsi6
  RMS fit error of the full model is: 0.000088 (normalized)
range of amplitudes: 0.276752
  Model addition step   1: Added term 0 0 0 0 0 0 0 0 0 -- RMS=0.071197, GCV=9.618542e-06, AIC = 0.990155
  Model addition step   2: Added term 0 0 1 2 0 0 0 0 0 -- RMS=0.030770, GCV=1.803335e-06, AIC = -0.683910
  Model addition step   3: Added term 0 0 0 1 0 0 1 1 1 -- RMS=0.021422, GCV=8.774180e-07, AIC = -1.404338
  3 polynomial terms were written for latdorsi6 y force
latdorsi6
  RMS fit error of the full model is: 0.000273 (normalized)
range of amplitudes: 0.316292
  Model addition step   1: Added term 0 0 0 2 0 0 1 1 0 -- RMS=0.048078, GCV=4.386039e-06, AIC = 0.204889
  Model addition step   2: Added term 0 0 0 0 0 1 0 0 0 -- RMS=0.030873, GCV=1.815478e-06, AIC = -0.677199
  2 polynomial terms were written for latdorsi6 z force
pectmajt1
  RMS fit error of the full model is: 0.000057 (normalized)
range of amplitudes: 0.440671
  Model addition step   1: Added term 1 0 0 2 0 0 0 0 0 -- RMS=0.056309, GCV=6.016486e-06, AIC = 0.520966
  Model addition step   2: Added term 0 0 0 0 0 0 2 2 0 -- RMS=0.029040, GCV=1.606337e-06, AIC = -0.799592
  2 polynomial terms were written for pectmajt1 x force
pectmajt1
  RMS fit error of the full model is: 0.000050 (normalized)
range of amplitudes: 0.591333
  Model addition step   1: Added term 0 0 0 4 0 0 0 0 0 -- RMS=0.063215, GCV=7.582883e-06, AIC = 0.752356
  Model addition step   2: Added term 0 0 0 3 0 0 0 1 0 -- RMS=0.033423, GCV=2.127714e-06, AIC = -0.518500
  2 polynomial terms were written for pectmajt1 y force
pectmajt1
  RMS fit error of the full model is: 0.000043 (normalized)
range of amplitudes: 0.392242
  Model addition step   1: Added term 0 0 0 0 0 0 0 0 0 -- RMS=0.087439, GCV=1.450776e-05, AIC = 1.401146
  Model addition step   2: Added term 0 0 0 4 0 0 0 0 0 -- RMS=0.037477, GCV=2.675213e-06, AIC = -0.289519
  2 polynomial terms were written for pectmajt1 z force
pectmajt2
  RMS fit error of the full model is: 0.000045 (normalized)
range of amplitudes: 0.384965
  Model addition step   1: Added term 0 0 0 2 0 0 0 0 0 -- RMS=0.057074, GCV=6.181019e-06, AIC = 0.547946
  Model addition step   2: Added term 1 0 0 2 0 0 0 0 0 -- RMS=0.044995, GCV=3.856250e-06, AIC = 0.076147
  Model addition step   3: Added term 0 0 0 0 0 0 2 2 0 -- RMS=0.026764, GCV=1.369584e-06, AIC = -0.959059
  3 polynomial terms were written for pectmajt2 x force
pectmajt2
  RMS fit error of the full model is: 0.000039 (normalized)
range of amplitudes: 0.598401
  Model addition step   1: Added term 0 0 1 3 0 0 0 0 0 -- RMS=0.058823, GCV=6.565780e-06, AIC = 0.608334
  1 polynomial terms were written for pectmajt2 y force
pectmajt2
  RMS fit error of the full model is: 0.000036 (normalized)
range of amplitudes: 0.299639
  Model addition step   1: Added term 0 0 0 0 0 0 0 0 0 -- RMS=0.063226, GCV=7.585300e-06, AIC = 0.752675
  Model addition step   2: Added term 0 0 1 3 0 0 0 0 0 -- RMS=0.027339, GCV=1.423647e-06, AIC = -0.920326
  2 polynomial terms were written for pectmajt2 z force
pectmajt3
  RMS fit error of the full model is: 0.000044 (normalized)
range of amplitudes: 0.329934
  Model addition step   1: Added term 0 0 0 2 0 0 0 0 0 -- RMS=0.047666, GCV=4.311303e-06, AIC = 0.187703
  Model addition step   2: Added term 0 0 0 1 0 0 1 1 1 -- RMS=0.041448, GCV=3.272284e-06, AIC = -0.088060
  Model addition step   3: Added term 1 0 0 0 0 0 0 0 0 -- RMS=0.025867, GCV=1.279265e-06, AIC = -1.027280
  3 polynomial terms were written for pectmajt3 x force
pectmajt3
  RMS fit error of the full model is: 0.000038 (normalized)
range of amplitudes: 0.595152
  Model addition step   1: Added term 0 0 0 3 0 0 0 1 0 -- RMS=0.060081, GCV=6.849604e-06, AIC = 0.650654
  Model addition step   2: Added term 0 0 0 0 0 0 0 1 0 -- RMS=0.032483, GCV=2.009729e-06, AIC = -0.575548
  2 polynomial terms were written for pectmajt3 y force
pectmajt3
  RMS fit error of the full model is: 0.000034 (normalized)
range of amplitudes: 0.250280
  Model addition step   1: Added term 0 0 0 0 0 0 0 0 0 -- RMS=0.049827, GCV=4.711115e-06, AIC = 0.276387
  Model addition step   2: Added term 0 0 0 3 1 0 0 0 0 -- RMS=0.027387, GCV=1.428686e-06, AIC = -0.916793
  Model addition step   3: Added term 0 0 0 2 1 0 0 0 0 -- RMS=0.020744, GCV=8.227851e-07, AIC = -1.468626
  3 polynomial terms were written for pectmajt3 z force
pectmajt4
  RMS fit error of the full model is: 0.000041 (normalized)
range of amplitudes: 0.311463
  Model addition step   1: Added term 0 0 0 1 0 0 0 0 0 -- RMS=0.049679, GCV=4.683162e-06, AIC = 0.270436
  Model addition step   2: Added term 0 0 1 1 1 1 0 0 0 -- RMS=0.042645, GCV=3.463924e-06, AIC = -0.031146
  Model addition step   3: Added term 0 0 0 2 0 0 0 2 0 -- RMS=0.033173, GCV=2.104008e-06, AIC = -0.529722
  Model addition step   4: Added term 1 0 0 3 0 0 0 0 0 -- RMS=0.026480, GCV=1.345793e-06, AIC = -0.976608
  4 polynomial terms were written for pectmajt4 x force
pectmajt4
  RMS fit error of the full model is: 0.000040 (normalized)
range of amplitudes: 0.609794
  Model addition step   1: Added term 0 0 0 3 0 1 0 0 0 -- RMS=0.065947, GCV=8.252293e-06, AIC = 0.836954
  Model addition step   2: Added term 0 0 0 2 0 0 1 1 0 -- RMS=0.045225, GCV=3.895748e-06, AIC = 0.086338
  2 polynomial terms were written for pectmajt4 y force
pectmajt4
  RMS fit error of the full model is: 0.000036 (normalized)
range of amplitudes: 0.203985
  Model addition step   1: Added term 0 0 0 0 0 0 0 0 0 -- RMS=0.040329, GCV=3.086200e-06, AIC = -0.146597
  Model addition step   2: Added term 0 0 0 2 1 1 0 0 0 -- RMS=0.021978, GCV=9.200098e-07, AIC = -1.356919
  Model addition step   3: Added term 0 2 1 0 0 0 0 0 1 -- RMS=0.011518, GCV=2.536589e-07, AIC = -2.645331
  3 polynomial terms were written for pectmajt4 z force
pectmajt5
  RMS fit error of the full model is: 0.000039 (normalized)
range of amplitudes: 0.266484
  Model addition step   1: Added term 0 0 0 1 0 0 0 0 0 -- RMS=0.046922, GCV=4.177816e-06, AIC = 0.156251
  Model addition step   2: Added term 0 0 0 0 0 0 1 2 1 -- RMS=0.030143, GCV=1.730683e-06, AIC = -0.725032
  Model addition step   3: Added term 0 0 0 0 0 0 1 3 0 -- RMS=0.027331, GCV=1.428215e-06, AIC = -0.917140
  Model addition step   4: Added term 0 0 0 1 1 0 0 0 2 -- RMS=0.024688, GCV=1.169806e-06, AIC = -1.116753
  4 polynomial terms were written for pectmajt5 x force
pectmajt5
  RMS fit error of the full model is: 0.000052 (normalized)
range of amplitudes: 0.619714
  Model addition step   1: Added term 0 0 0 0 0 0 2 0 0 -- RMS=0.133709, GCV=3.392439e-05, AIC = 2.250597
  Model addition step   2: Added term 0 0 0 0 0 1 0 0 0 -- RMS=0.101909, GCV=1.978145e-05, AIC = 1.711196
  Model addition step   3: Added term 2 0 0 0 0 0 0 0 0 -- RMS=0.039508, GCV=2.984320e-06, AIC = -0.180194
  3 polynomial terms were written for pectmajt5 y force
pectmajt5
  RMS fit error of the full model is: 0.000036 (normalized)
range of amplitudes: 0.129933
  Model addition step   1: Added term 0 0 0 0 0 0 0 0 0 -- RMS=0.026748, GCV=1.357599e-06, AIC = -0.967819
  Model addition step   2: Added term 0 0 0 0 0 0 2 2 0 -- RMS=0.015233, GCV=4.420029e-07, AIC = -2.089987
  Model addition step   3: Added term 0 0 0 0 0 1 0 3 0 -- RMS=0.013811, GCV=3.646942e-07, AIC = -2.282262
  Model addition step   4: Added term 0 0 0 1 0 1 2 0 0 -- RMS=0.011978, GCV=2.753485e-07, AIC = -2.563309
  4 polynomial terms were written for pectmajt5 z force
pectmajt6
  RMS fit error of the full model is: 0.000046 (normalized)
range of amplitudes: 0.354328
  Model addition step   1: Added term 0 0 0 1 0 0 0 0 0 -- RMS=0.058515, GCV=6.497036e-06, AIC = 0.597809
  Model addition step   2: Added term 0 0 0 0 0 0 2 2 0 -- RMS=0.026755, GCV=1.363432e-06, AIC = -0.963543
  2 polynomial terms were written for pectmajt6 x force
pectmajt6
  RMS fit error of the full model is: 0.000060 (normalized)
range of amplitudes: 0.656955
  Model addition step   1: Added term 0 0 0 0 0 0 0 0 0 -- RMS=0.147845, GCV=4.147665e-05, AIC = 2.451593
  Model addition step   2: Added term 0 0 1 3 0 0 0 0 0 -- RMS=0.037223, GCV=2.639041e-06, AIC = -0.303132
  2 polynomial terms were written for pectmajt6 y force
pectmajt6
  RMS fit error of the full model is: 0.000030 (normalized)
range of amplitudes: 0.208588
  Model addition step   1: Added term 0 0 0 0 0 0 0 0 0 -- RMS=0.047637, GCV=4.305983e-06, AIC = 0.186468
  Model addition step   2: Added term 1 0 0 0 0 1 2 0 0 -- RMS=0.021416, GCV=8.735819e-07, AIC = -1.408701
  Model addition step   3: Added term 0 0 0 1 1 0 2 0 0 -- RMS=0.018133, GCV=6.286813e-07, AIC = -1.737697
  3 polynomial terms were written for pectmajt6 z force
pectmajc1
  RMS fit error of the full model is: 0.001090 (normalized)
range of amplitudes: 0.742378
  Model addition step   1: Added term 4 0 0 0 0 0 -- RMS=0.086054, GCV=1.405173e-05, AIC = 1.369208
  Model addition step   2: Added term 1 0 0 2 1 0 -- RMS=0.039790, GCV=3.015648e-06, AIC = -0.169733
  2 polynomial terms were written for pectmajc1 x force
pectmajc1
  RMS fit error of the full model is: 0.000378 (normalized)
range of amplitudes: 0.695972
  Model addition step   1: Added term 0 0 0 0 0 0 -- RMS=0.166441, GCV=5.256668e-05, AIC = 2.688545
  Model addition step   2: Added term 0 0 1 0 0 0 -- RMS=0.057338, GCV=6.262150e-06, AIC = 0.560976
  2 polynomial terms were written for pectmajc1 y force
pectmajc1
  RMS fit error of the full model is: 0.000500 (normalized)
range of amplitudes: 0.502542
  Model addition step   1: Added term 0 0 0 0 0 0 -- RMS=0.126983, GCV=3.059724e-05, AIC = 2.147372
  Model addition step   2: Added term 0 0 0 1 1 0 -- RMS=0.055385, GCV=5.842739e-06, AIC = 0.491652
  Model addition step   3: Added term 0 0 1 0 0 0 -- RMS=0.032947, GCV=2.075515e-06, AIC = -0.543357
  3 polynomial terms were written for pectmajc1 z force
pectmajc2
  RMS fit error of the full model is: 0.001317 (normalized)
range of amplitudes: 0.636747
  Model addition step   1: Added term 3 0 0 0 0 0 -- RMS=0.089809, GCV=1.530463e-05, AIC = 1.454618
  Model addition step   2: Added term 0 0 0 1 2 1 -- RMS=0.051302, GCV=5.013021e-06, AIC = 0.338491
  2 polynomial terms were written for pectmajc2 x force
pectmajc2
  RMS fit error of the full model is: 0.000563 (normalized)
range of amplitudes: 0.671333
  Model addition step   1: Added term 0 0 0 0 0 0 -- RMS=0.153442, GCV=4.467593e-05, AIC = 2.525898
  Model addition step   2: Added term 2 0 1 0 0 0 -- RMS=0.062183, GCV=7.365110e-06, AIC = 0.723206
  2 polynomial terms were written for pectmajc2 y force
pectmajc2
  RMS fit error of the full model is: 0.000713 (normalized)
range of amplitudes: 0.427493
  Model addition step   1: Added term 0 0 0 0 0 0 -- RMS=0.102816, GCV=2.005903e-05, AIC = 1.725142
  Model addition step   2: Added term 0 0 1 0 0 0 -- RMS=0.054864, GCV=5.733404e-06, AIC = 0.472761
  Model addition step   3: Added term 0 0 0 1 1 0 -- RMS=0.037452, GCV=2.681840e-06, AIC = -0.287063
  3 polynomial terms were written for pectmajc2 z force
